<?xml version="1.0" encoding="utf-8"?><testsuites><testsuite name="pytest" errors="1" failures="10" skipped="127" tests="560" time="96.208" timestamp="2024-12-23T11:17:03.103999-08:00" hostname="visionraga"><testcase classname="src.deepview.deepview.__init__" name="mypy" time="18.946" /><testcase classname="src.deepview.deepview.__init__" name="mypy-status" time="0.000" /><testcase classname="src.deepview.deepview.__init__.flake-8" name="FLAKE8" time="0.000"><skipped type="pytest.skip" message="file(s) previously passed FLAKE8 checks">/home/satish/miniforge3/envs/mistral/lib/python3.9/site-packages/pytest_flake8.py:135: file(s) previously passed FLAKE8 checks</skipped></testcase><testcase classname="src.deepview.deepview._availability" name="mypy" time="0.000" /><testcase classname="src.deepview.deepview._availability.flake-8" name="FLAKE8" time="0.000"><skipped type="pytest.skip" message="file(s) previously passed FLAKE8 checks">/home/satish/miniforge3/envs/mistral/lib/python3.9/site-packages/pytest_flake8.py:135: file(s) previously passed FLAKE8 checks</skipped></testcase><testcase classname="src.deepview.deepview._dict_utils" name="mypy" time="0.000" /><testcase classname="src.deepview.deepview._dict_utils.flake-8" name="FLAKE8" time="0.000"><skipped type="pytest.skip" message="file(s) previously passed FLAKE8 checks">/home/satish/miniforge3/envs/mistral/lib/python3.9/site-packages/pytest_flake8.py:135: file(s) previously passed FLAKE8 checks</skipped></testcase><testcase classname="src.deepview.deepview._logging" name="mypy" time="0.000" /><testcase classname="src.deepview.deepview._logging.flake-8" name="FLAKE8" time="0.000"><skipped type="pytest.skip" message="file(s) previously passed FLAKE8 checks">/home/satish/miniforge3/envs/mistral/lib/python3.9/site-packages/pytest_flake8.py:135: file(s) previously passed FLAKE8 checks</skipped></testcase><testcase classname="src.deepview.deepview.base.__init__" name="mypy" time="0.000" /><testcase classname="src.deepview.deepview.base.__init__.flake-8" name="FLAKE8" time="0.000"><skipped type="pytest.skip" message="file(s) previously passed FLAKE8 checks">/home/satish/miniforge3/envs/mistral/lib/python3.9/site-packages/pytest_flake8.py:135: file(s) previously passed FLAKE8 checks</skipped></testcase><testcase classname="src.deepview.deepview.base._batch.__init__" name="mypy" time="0.000" /><testcase classname="src.deepview.deepview.base._batch.__init__.flake-8" name="FLAKE8" time="0.000"><skipped type="pytest.skip" message="file(s) previously passed FLAKE8 checks">/home/satish/miniforge3/envs/mistral/lib/python3.9/site-packages/pytest_flake8.py:135: file(s) previously passed FLAKE8 checks</skipped></testcase><testcase classname="src.deepview.deepview.base._batch._batch" name="mypy" time="0.000" /><testcase classname="src.deepview.deepview.base._batch._batch.flake-8" name="FLAKE8" time="0.000"><skipped type="pytest.skip" message="file(s) previously passed FLAKE8 checks">/home/satish/miniforge3/envs/mistral/lib/python3.9/site-packages/pytest_flake8.py:135: file(s) previously passed FLAKE8 checks</skipped></testcase><testcase classname="src.deepview.deepview.base._batch._fields" name="mypy" time="0.000" /><testcase classname="src.deepview.deepview.base._batch._fields.flake-8" name="FLAKE8" time="0.000"><skipped type="pytest.skip" message="file(s) previously passed FLAKE8 checks">/home/satish/miniforge3/envs/mistral/lib/python3.9/site-packages/pytest_flake8.py:135: file(s) previously passed FLAKE8 checks</skipped></testcase><testcase classname="src.deepview.deepview.base._batch._metadata_storage" name="mypy" time="0.000" /><testcase classname="src.deepview.deepview.base._batch._metadata_storage.flake-8" name="FLAKE8" time="0.000"><skipped type="pytest.skip" message="file(s) previously passed FLAKE8 checks">/home/satish/miniforge3/envs/mistral/lib/python3.9/site-packages/pytest_flake8.py:135: file(s) previously passed FLAKE8 checks</skipped></testcase><testcase classname="src.deepview.deepview.base._batch._storage" name="mypy" time="0.000" /><testcase classname="src.deepview.deepview.base._batch._storage.flake-8" name="FLAKE8" time="0.000"><skipped type="pytest.skip" message="file(s) previously passed FLAKE8 checks">/home/satish/miniforge3/envs/mistral/lib/python3.9/site-packages/pytest_flake8.py:135: file(s) previously passed FLAKE8 checks</skipped></testcase><testcase classname="src.deepview.deepview.base._cached_producer" name="mypy" time="0.000" /><testcase classname="src.deepview.deepview.base._cached_producer.flake-8" name="FLAKE8" time="0.000"><skipped type="pytest.skip" message="file(s) previously passed FLAKE8 checks">/home/satish/miniforge3/envs/mistral/lib/python3.9/site-packages/pytest_flake8.py:135: file(s) previously passed FLAKE8 checks</skipped></testcase><testcase classname="src.deepview.deepview.base._image_producer" name="mypy" time="0.000" /><testcase classname="src.deepview.deepview.base._image_producer.flake-8" name="FLAKE8" time="0.000"><skipped type="pytest.skip" message="file(s) previously passed FLAKE8 checks">/home/satish/miniforge3/envs/mistral/lib/python3.9/site-packages/pytest_flake8.py:135: file(s) previously passed FLAKE8 checks</skipped></testcase><testcase classname="src.deepview.deepview.base._introspector" name="mypy" time="0.000" /><testcase classname="src.deepview.deepview.base._introspector.flake-8" name="FLAKE8" time="0.000"><skipped type="pytest.skip" message="file(s) previously passed FLAKE8 checks">/home/satish/miniforge3/envs/mistral/lib/python3.9/site-packages/pytest_flake8.py:135: file(s) previously passed FLAKE8 checks</skipped></testcase><testcase classname="src.deepview.deepview.base._model" name="mypy" time="0.000" /><testcase classname="src.deepview.deepview.base._model.flake-8" name="FLAKE8" time="0.000"><skipped type="pytest.skip" message="file(s) previously passed FLAKE8 checks">/home/satish/miniforge3/envs/mistral/lib/python3.9/site-packages/pytest_flake8.py:135: file(s) previously passed FLAKE8 checks</skipped></testcase><testcase classname="src.deepview.deepview.base._multi_introspect" name="mypy" time="0.000" /><testcase classname="src.deepview.deepview.base._multi_introspect.flake-8" name="FLAKE8" time="0.000"><skipped type="pytest.skip" message="file(s) previously passed FLAKE8 checks">/home/satish/miniforge3/envs/mistral/lib/python3.9/site-packages/pytest_flake8.py:135: file(s) previously passed FLAKE8 checks</skipped></testcase><testcase classname="src.deepview.deepview.base._pipeline" name="mypy" time="0.000" /><testcase classname="src.deepview.deepview.base._pipeline.flake-8" name="FLAKE8" time="0.000"><skipped type="pytest.skip" message="file(s) previously passed FLAKE8 checks">/home/satish/miniforge3/envs/mistral/lib/python3.9/site-packages/pytest_flake8.py:135: file(s) previously passed FLAKE8 checks</skipped></testcase><testcase classname="src.deepview.deepview.base._producer" name="mypy" time="0.000" /><testcase classname="src.deepview.deepview.base._producer.flake-8" name="FLAKE8" time="0.000"><skipped type="pytest.skip" message="file(s) previously passed FLAKE8 checks">/home/satish/miniforge3/envs/mistral/lib/python3.9/site-packages/pytest_flake8.py:135: file(s) previously passed FLAKE8 checks</skipped></testcase><testcase classname="src.deepview.deepview.base._response_info" name="mypy" time="0.000" /><testcase classname="src.deepview.deepview.base._response_info.flake-8" name="FLAKE8" time="0.000"><skipped type="pytest.skip" message="file(s) previously passed FLAKE8 checks">/home/satish/miniforge3/envs/mistral/lib/python3.9/site-packages/pytest_flake8.py:135: file(s) previously passed FLAKE8 checks</skipped></testcase><testcase classname="src.deepview.deepview.base._traintest_producer" name="mypy" time="0.000" /><testcase classname="src.deepview.deepview.base._traintest_producer.flake-8" name="FLAKE8" time="0.000"><skipped type="pytest.skip" message="file(s) previously passed FLAKE8 checks">/home/satish/miniforge3/envs/mistral/lib/python3.9/site-packages/pytest_flake8.py:135: file(s) previously passed FLAKE8 checks</skipped></testcase><testcase classname="src.deepview.deepview.exceptions.__init__" name="mypy" time="0.000" /><testcase classname="src.deepview.deepview.exceptions.__init__.flake-8" name="FLAKE8" time="0.000"><skipped type="pytest.skip" message="file(s) previously passed FLAKE8 checks">/home/satish/miniforge3/envs/mistral/lib/python3.9/site-packages/pytest_flake8.py:135: file(s) previously passed FLAKE8 checks</skipped></testcase><testcase classname="src.deepview.deepview.exceptions._deepview_exceptions" name="mypy" time="0.000" /><testcase classname="src.deepview.deepview.exceptions._deepview_exceptions.flake-8" name="FLAKE8" time="0.000"><skipped type="pytest.skip" message="file(s) previously passed FLAKE8 checks">/home/satish/miniforge3/envs/mistral/lib/python3.9/site-packages/pytest_flake8.py:135: file(s) previously passed FLAKE8 checks</skipped></testcase><testcase classname="src.deepview.deepview.introspectors.__init__" name="mypy" time="0.000" /><testcase classname="src.deepview.deepview.introspectors.__init__.flake-8" name="FLAKE8" time="0.000"><skipped type="pytest.skip" message="file(s) previously passed FLAKE8 checks">/home/satish/miniforge3/envs/mistral/lib/python3.9/site-packages/pytest_flake8.py:135: file(s) previously passed FLAKE8 checks</skipped></testcase><testcase classname="src.deepview.deepview.introspectors._dim_reduction.__init__" name="mypy" time="0.000" /><testcase classname="src.deepview.deepview.introspectors._dim_reduction.__init__.flake-8" name="FLAKE8" time="0.000"><skipped type="pytest.skip" message="file(s) previously passed FLAKE8 checks">/home/satish/miniforge3/envs/mistral/lib/python3.9/site-packages/pytest_flake8.py:135: file(s) previously passed FLAKE8 checks</skipped></testcase><testcase classname="src.deepview.deepview.introspectors._dim_reduction._dimension_reduction" name="mypy" time="0.000" /><testcase classname="src.deepview.deepview.introspectors._dim_reduction._dimension_reduction.flake-8" name="FLAKE8" time="0.000"><skipped type="pytest.skip" message="file(s) previously passed FLAKE8 checks">/home/satish/miniforge3/envs/mistral/lib/python3.9/site-packages/pytest_flake8.py:135: file(s) previously passed FLAKE8 checks</skipped></testcase><testcase classname="src.deepview.deepview.introspectors._dim_reduction._protocols" name="mypy" time="0.000" /><testcase classname="src.deepview.deepview.introspectors._dim_reduction._protocols.flake-8" name="FLAKE8" time="0.000"><skipped type="pytest.skip" message="file(s) previously passed FLAKE8 checks">/home/satish/miniforge3/envs/mistral/lib/python3.9/site-packages/pytest_flake8.py:135: file(s) previously passed FLAKE8 checks</skipped></testcase><testcase classname="src.deepview.deepview.introspectors._dim_reduction._reducers" name="mypy" time="0.000" /><testcase classname="src.deepview.deepview.introspectors._dim_reduction._reducers.flake-8" name="FLAKE8" time="0.000"><skipped type="pytest.skip" message="file(s) previously passed FLAKE8 checks">/home/satish/miniforge3/envs/mistral/lib/python3.9/site-packages/pytest_flake8.py:135: file(s) previously passed FLAKE8 checks</skipped></testcase><testcase classname="src.deepview.deepview.introspectors._duplicates" name="mypy" time="0.000" /><testcase classname="src.deepview.deepview.introspectors._duplicates.flake-8" name="FLAKE8" time="0.000"><skipped type="pytest.skip" message="file(s) previously passed FLAKE8 checks">/home/satish/miniforge3/envs/mistral/lib/python3.9/site-packages/pytest_flake8.py:135: file(s) previously passed FLAKE8 checks</skipped></testcase><testcase classname="src.deepview.deepview.introspectors._familiarity.__init__" name="mypy" time="0.000" /><testcase classname="src.deepview.deepview.introspectors._familiarity.__init__.flake-8" name="FLAKE8" time="0.000"><skipped type="pytest.skip" message="file(s) previously passed FLAKE8 checks">/home/satish/miniforge3/envs/mistral/lib/python3.9/site-packages/pytest_flake8.py:135: file(s) previously passed FLAKE8 checks</skipped></testcase><testcase classname="src.deepview.deepview.introspectors._familiarity._familiarity" name="mypy" time="0.000" /><testcase classname="src.deepview.deepview.introspectors._familiarity._familiarity.flake-8" name="FLAKE8" time="0.000"><skipped type="pytest.skip" message="file(s) previously passed FLAKE8 checks">/home/satish/miniforge3/envs/mistral/lib/python3.9/site-packages/pytest_flake8.py:135: file(s) previously passed FLAKE8 checks</skipped></testcase><testcase classname="src.deepview.deepview.introspectors._familiarity._gaussian_familiarity" name="mypy" time="0.000" /><testcase classname="src.deepview.deepview.introspectors._familiarity._gaussian_familiarity.flake-8" name="FLAKE8" time="0.000"><skipped type="pytest.skip" message="file(s) previously passed FLAKE8 checks">/home/satish/miniforge3/envs/mistral/lib/python3.9/site-packages/pytest_flake8.py:135: file(s) previously passed FLAKE8 checks</skipped></testcase><testcase classname="src.deepview.deepview.introspectors._familiarity._gmm_familiarity" name="mypy" time="0.000" /><testcase classname="src.deepview.deepview.introspectors._familiarity._gmm_familiarity.flake-8" name="FLAKE8" time="0.000"><skipped type="pytest.skip" message="file(s) previously passed FLAKE8 checks">/home/satish/miniforge3/envs/mistral/lib/python3.9/site-packages/pytest_flake8.py:135: file(s) previously passed FLAKE8 checks</skipped></testcase><testcase classname="src.deepview.deepview.introspectors._familiarity._protocols" name="mypy" time="0.000" /><testcase classname="src.deepview.deepview.introspectors._familiarity._protocols.flake-8" name="FLAKE8" time="0.000"><skipped type="pytest.skip" message="file(s) previously passed FLAKE8 checks">/home/satish/miniforge3/envs/mistral/lib/python3.9/site-packages/pytest_flake8.py:135: file(s) previously passed FLAKE8 checks</skipped></testcase><testcase classname="src.deepview.deepview.introspectors._iua.__init__" name="mypy" time="0.000" /><testcase classname="src.deepview.deepview.introspectors._iua.__init__.flake-8" name="FLAKE8" time="0.000"><skipped type="pytest.skip" message="file(s) previously passed FLAKE8 checks">/home/satish/miniforge3/envs/mistral/lib/python3.9/site-packages/pytest_flake8.py:135: file(s) previously passed FLAKE8 checks</skipped></testcase><testcase classname="src.deepview.deepview.introspectors._iua._iua" name="mypy" time="0.000" /><testcase classname="src.deepview.deepview.introspectors._iua._iua.flake-8" name="FLAKE8" time="0.000"><skipped type="pytest.skip" message="file(s) previously passed FLAKE8 checks">/home/satish/miniforge3/envs/mistral/lib/python3.9/site-packages/pytest_flake8.py:135: file(s) previously passed FLAKE8 checks</skipped></testcase><testcase classname="src.deepview.deepview.introspectors._pfa.__init__" name="mypy" time="0.000" /><testcase classname="src.deepview.deepview.introspectors._pfa.__init__.flake-8" name="FLAKE8" time="0.000"><skipped type="pytest.skip" message="file(s) previously passed FLAKE8 checks">/home/satish/miniforge3/envs/mistral/lib/python3.9/site-packages/pytest_flake8.py:135: file(s) previously passed FLAKE8 checks</skipped></testcase><testcase classname="src.deepview.deepview.introspectors._pfa._covariances_calculator" name="mypy" time="0.000" /><testcase classname="src.deepview.deepview.introspectors._pfa._covariances_calculator.flake-8" name="FLAKE8" time="0.000"><skipped type="pytest.skip" message="file(s) previously passed FLAKE8 checks">/home/satish/miniforge3/envs/mistral/lib/python3.9/site-packages/pytest_flake8.py:135: file(s) previously passed FLAKE8 checks</skipped></testcase><testcase classname="src.deepview.deepview.introspectors._pfa._pfa" name="mypy" time="0.000" /><testcase classname="src.deepview.deepview.introspectors._pfa._pfa.flake-8" name="FLAKE8" time="0.000"><skipped type="pytest.skip" message="file(s) previously passed FLAKE8 checks">/home/satish/miniforge3/envs/mistral/lib/python3.9/site-packages/pytest_flake8.py:135: file(s) previously passed FLAKE8 checks</skipped></testcase><testcase classname="src.deepview.deepview.introspectors._pfa._pfa_algorithms" name="mypy" time="0.000" /><testcase classname="src.deepview.deepview.introspectors._pfa._pfa_algorithms.flake-8" name="FLAKE8" time="0.000"><skipped type="pytest.skip" message="file(s) previously passed FLAKE8 checks">/home/satish/miniforge3/envs/mistral/lib/python3.9/site-packages/pytest_flake8.py:135: file(s) previously passed FLAKE8 checks</skipped></testcase><testcase classname="src.deepview.deepview.introspectors._pfa._pfa_units" name="mypy" time="0.000" /><testcase classname="src.deepview.deepview.introspectors._pfa._pfa_units.flake-8" name="FLAKE8" time="0.000"><skipped type="pytest.skip" message="file(s) previously passed FLAKE8 checks">/home/satish/miniforge3/envs/mistral/lib/python3.9/site-packages/pytest_flake8.py:135: file(s) previously passed FLAKE8 checks</skipped></testcase><testcase classname="src.deepview.deepview.introspectors._pfa._recommendation" name="mypy" time="0.000" /><testcase classname="src.deepview.deepview.introspectors._pfa._recommendation.flake-8" name="FLAKE8" time="0.000"><skipped type="pytest.skip" message="file(s) previously passed FLAKE8 checks">/home/satish/miniforge3/envs/mistral/lib/python3.9/site-packages/pytest_flake8.py:135: file(s) previously passed FLAKE8 checks</skipped></testcase><testcase classname="src.deepview.deepview.introspectors._report.__init__" name="mypy" time="0.000" /><testcase classname="src.deepview.deepview.introspectors._report.__init__.flake-8" name="FLAKE8" time="0.000"><skipped type="pytest.skip" message="file(s) previously passed FLAKE8 checks">/home/satish/miniforge3/envs/mistral/lib/python3.9/site-packages/pytest_flake8.py:135: file(s) previously passed FLAKE8 checks</skipped></testcase><testcase classname="src.deepview.deepview.introspectors._report._dataframe_formatting" name="mypy" time="0.000" /><testcase classname="src.deepview.deepview.introspectors._report._dataframe_formatting.flake-8" name="FLAKE8" time="0.000"><skipped type="pytest.skip" message="file(s) previously passed FLAKE8 checks">/home/satish/miniforge3/envs/mistral/lib/python3.9/site-packages/pytest_flake8.py:135: file(s) previously passed FLAKE8 checks</skipped></testcase><testcase classname="src.deepview.deepview.introspectors._report._dataset_report" name="mypy" time="0.000" /><testcase classname="src.deepview.deepview.introspectors._report._dataset_report.flake-8" name="FLAKE8" time="0.000"><skipped type="pytest.skip" message="file(s) previously passed FLAKE8 checks">/home/satish/miniforge3/envs/mistral/lib/python3.9/site-packages/pytest_flake8.py:135: file(s) previously passed FLAKE8 checks</skipped></testcase><testcase classname="src.deepview.deepview.introspectors._report._dataset_report_stages" name="mypy" time="0.000" /><testcase classname="src.deepview.deepview.introspectors._report._dataset_report_stages.flake-8" name="FLAKE8" time="0.000"><skipped type="pytest.skip" message="file(s) previously passed FLAKE8 checks">/home/satish/miniforge3/envs/mistral/lib/python3.9/site-packages/pytest_flake8.py:135: file(s) previously passed FLAKE8 checks</skipped></testcase><testcase classname="src.deepview.deepview.introspectors._report._familiarity_wrappers" name="mypy" time="0.000" /><testcase classname="src.deepview.deepview.introspectors._report._familiarity_wrappers.flake-8" name="FLAKE8" time="0.000"><skipped type="pytest.skip" message="file(s) previously passed FLAKE8 checks">/home/satish/miniforge3/envs/mistral/lib/python3.9/site-packages/pytest_flake8.py:135: file(s) previously passed FLAKE8 checks</skipped></testcase><testcase classname="src.deepview.deepview.introspectors._report._report_builder_introspectors" name="mypy" time="0.000" /><testcase classname="src.deepview.deepview.introspectors._report._report_builder_introspectors.flake-8" name="FLAKE8" time="0.000"><skipped type="pytest.skip" message="file(s) previously passed FLAKE8 checks">/home/satish/miniforge3/envs/mistral/lib/python3.9/site-packages/pytest_flake8.py:135: file(s) previously passed FLAKE8 checks</skipped></testcase><testcase classname="src.deepview.deepview.introspectors._report._string_util" name="mypy" time="0.000" /><testcase classname="src.deepview.deepview.introspectors._report._string_util.flake-8" name="FLAKE8" time="0.000"><skipped type="pytest.skip" message="file(s) previously passed FLAKE8 checks">/home/satish/miniforge3/envs/mistral/lib/python3.9/site-packages/pytest_flake8.py:135: file(s) previously passed FLAKE8 checks</skipped></testcase><testcase classname="src.deepview.deepview.processors.__init__" name="mypy" time="0.000" /><testcase classname="src.deepview.deepview.processors.__init__.flake-8" name="FLAKE8" time="0.000"><skipped type="pytest.skip" message="file(s) previously passed FLAKE8 checks">/home/satish/miniforge3/envs/mistral/lib/python3.9/site-packages/pytest_flake8.py:135: file(s) previously passed FLAKE8 checks</skipped></testcase><testcase classname="src.deepview.deepview.processors._base_processor" name="mypy" time="0.000" /><testcase classname="src.deepview.deepview.processors._base_processor.flake-8" name="FLAKE8" time="0.000"><skipped type="pytest.skip" message="file(s) previously passed FLAKE8 checks">/home/satish/miniforge3/envs/mistral/lib/python3.9/site-packages/pytest_flake8.py:135: file(s) previously passed FLAKE8 checks</skipped></testcase><testcase classname="src.deepview.deepview.processors._image_processors" name="mypy" time="0.000" /><testcase classname="src.deepview.deepview.processors._image_processors.flake-8" name="FLAKE8" time="0.000"><skipped type="pytest.skip" message="file(s) previously passed FLAKE8 checks">/home/satish/miniforge3/envs/mistral/lib/python3.9/site-packages/pytest_flake8.py:135: file(s) previously passed FLAKE8 checks</skipped></testcase><testcase classname="src.deepview.deepview.processors._metadata_processors" name="mypy" time="0.000" /><testcase classname="src.deepview.deepview.processors._metadata_processors.flake-8" name="FLAKE8" time="0.000"><skipped type="pytest.skip" message="file(s) previously passed FLAKE8 checks">/home/satish/miniforge3/envs/mistral/lib/python3.9/site-packages/pytest_flake8.py:135: file(s) previously passed FLAKE8 checks</skipped></testcase><testcase classname="src.deepview.deepview.processors._processors" name="mypy" time="0.000" /><testcase classname="src.deepview.deepview.processors._processors.flake-8" name="FLAKE8" time="0.000"><skipped type="pytest.skip" message="file(s) previously passed FLAKE8 checks">/home/satish/miniforge3/envs/mistral/lib/python3.9/site-packages/pytest_flake8.py:135: file(s) previously passed FLAKE8 checks</skipped></testcase><testcase classname="src.deepview.deepview.samples.__init__" name="mypy" time="0.000" /><testcase classname="src.deepview.deepview.samples.__init__.flake-8" name="FLAKE8" time="0.000"><skipped type="pytest.skip" message="file(s) previously passed FLAKE8 checks">/home/satish/miniforge3/envs/mistral/lib/python3.9/site-packages/pytest_flake8.py:135: file(s) previously passed FLAKE8 checks</skipped></testcase><testcase classname="src.deepview.deepview.samples._stub_datasets" name="mypy" time="0.000" /><testcase classname="src.deepview.deepview.samples._stub_datasets.flake-8" name="FLAKE8" time="0.000"><skipped type="pytest.skip" message="file(s) previously passed FLAKE8 checks">/home/satish/miniforge3/envs/mistral/lib/python3.9/site-packages/pytest_flake8.py:135: file(s) previously passed FLAKE8 checks</skipped></testcase><testcase classname="src.deepview.deepview.samples._stub_producer" name="mypy" time="0.000" /><testcase classname="src.deepview.deepview.samples._stub_producer.flake-8" name="FLAKE8" time="0.000"><skipped type="pytest.skip" message="file(s) previously passed FLAKE8 checks">/home/satish/miniforge3/envs/mistral/lib/python3.9/site-packages/pytest_flake8.py:135: file(s) previously passed FLAKE8 checks</skipped></testcase><testcase classname="src.deepview.deepview.typing.__init__" name="mypy" time="0.000" /><testcase classname="src.deepview.deepview.typing.__init__.flake-8" name="FLAKE8" time="0.000"><skipped type="pytest.skip" message="file(s) previously passed FLAKE8 checks">/home/satish/miniforge3/envs/mistral/lib/python3.9/site-packages/pytest_flake8.py:135: file(s) previously passed FLAKE8 checks</skipped></testcase><testcase classname="src.deepview.deepview.typing._deepview_types" name="mypy" time="0.000" /><testcase classname="src.deepview.deepview.typing._deepview_types.flake-8" name="FLAKE8" time="0.000"><skipped type="pytest.skip" message="file(s) previously passed FLAKE8 checks">/home/satish/miniforge3/envs/mistral/lib/python3.9/site-packages/pytest_flake8.py:135: file(s) previously passed FLAKE8 checks</skipped></testcase><testcase classname="src.deepview.deepview.typing._types" name="mypy" time="0.000" /><testcase classname="src.deepview.deepview.typing._types.flake-8" name="FLAKE8" time="0.000"><skipped type="pytest.skip" message="file(s) previously passed FLAKE8 checks">/home/satish/miniforge3/envs/mistral/lib/python3.9/site-packages/pytest_flake8.py:135: file(s) previously passed FLAKE8 checks</skipped></testcase><testcase classname="src.deepview.tests.conftest" name="mypy" time="0.000" /><testcase classname="src.deepview.tests.conftest.flake-8" name="FLAKE8" time="0.000"><skipped type="pytest.skip" message="file(s) previously passed FLAKE8 checks">/home/satish/miniforge3/envs/mistral/lib/python3.9/site-packages/pytest_flake8.py:135: file(s) previously passed FLAKE8 checks</skipped></testcase><testcase classname="src.deepview.tests.test_batch" name="mypy" time="0.000" /><testcase classname="src.deepview.tests.test_batch.flake-8" name="FLAKE8" time="0.000"><skipped type="pytest.skip" message="file(s) previously passed FLAKE8 checks">/home/satish/miniforge3/envs/mistral/lib/python3.9/site-packages/pytest_flake8.py:135: file(s) previously passed FLAKE8 checks</skipped></testcase><testcase classname="src.deepview.tests.test_batch" name="test_batch" time="0.041" /><testcase classname="src.deepview.tests.test_batch" name="test_batch_builder" time="0.003" /><testcase classname="src.deepview.tests.test_batch" name="test_invalid_batch_creation" time="0.002" /><testcase classname="src.deepview.tests.test_batch" name="test_batch_builder_fields" time="0.001" /><testcase classname="src.deepview.tests.test_batch" name="test_batch_equality" time="0.002" /><testcase classname="src.deepview.tests.test_batch" name="test_batch_pickling" time="0.001" /><testcase classname="src.deepview.tests.test_batch" name="test_batch_elements" time="0.004" /><testcase classname="src.deepview.tests.test_batch" name="test_batch_metadata_only" time="0.000" /><testcase classname="src.deepview.tests.test_batch" name="test_batch_metadata_only_inconsistent_sizes" time="0.000" /><testcase classname="src.deepview.tests.test_batch" name="test_builder_errors" time="0.000" /><testcase classname="src.deepview.tests.test_batch_storage_ops" name="mypy" time="0.000" /><testcase classname="src.deepview.tests.test_batch_storage_ops.flake-8" name="FLAKE8" time="0.000"><skipped type="pytest.skip" message="file(s) previously passed FLAKE8 checks">/home/satish/miniforge3/envs/mistral/lib/python3.9/site-packages/pytest_flake8.py:135: file(s) previously passed FLAKE8 checks</skipped></testcase><testcase classname="src.deepview.tests.test_batch_storage_ops" name="test_batch_storage_concatenation" time="0.001" /><testcase classname="src.deepview.tests.test_batch_storage_ops" name="test_batch_storage_multiple_concatenation" time="0.000" /><testcase classname="src.deepview.tests.test_batch_storage_ops" name="test_batch_storage_split[1]" time="0.000" /><testcase classname="src.deepview.tests.test_batch_storage_ops" name="test_batch_storage_split[2]" time="0.000" /><testcase classname="src.deepview.tests.test_batch_storage_ops" name="test_batch_storage_split[3]" time="0.000" /><testcase classname="src.deepview.tests.test_batch_storage_ops" name="test_batch_storage_split[4]" time="0.000" /><testcase classname="src.deepview.tests.test_batch_storage_ops" name="test_batch_storage_subset[indices0]" time="0.000" /><testcase classname="src.deepview.tests.test_batch_storage_ops" name="test_batch_storage_subset[indices1]" time="0.000" /><testcase classname="src.deepview.tests.test_batch_storage_ops" name="test_batch_storage_subset[indices2]" time="0.000" /><testcase classname="src.deepview.tests.test_batch_storage_ops" name="test_batch_storage_subset[indices3]" time="0.000" /><testcase classname="src.deepview.tests.test_batch_storage_ops" name="test_batch_storage_subset[indices4]" time="0.000" /><testcase classname="src.deepview.tests.test_batch_storage_ops" name="test_batch_storage_subset[indices5]" time="0.000" /><testcase classname="src.deepview.tests.test_batch_storage_ops" name="test_batch_storage_subset[indices6]" time="0.000" /><testcase classname="src.deepview.tests.test_batch_storage_ops" name="test_batch_storage_subset[indices7]" time="0.000" /><testcase classname="src.deepview.tests.test_batch_storage_ops" name="test_batch_storage_subset[indices8]" time="0.000" /><testcase classname="src.deepview.tests.test_batch_storage_ops" name="test_batch_storage_subset[indices9]" time="0.000" /><testcase classname="src.deepview.tests.test_batch_storage_ops" name="test_invalid_batch_storage_concatenation[batch_key_missing]" time="0.000" /><testcase classname="src.deepview.tests.test_batch_storage_ops" name="test_invalid_batch_storage_concatenation[wrong_shape]" time="0.000" /><testcase classname="src.deepview.tests.test_batch_storage_ops" name="test_invalid_batch_storage_concatenation[missing_snapshot]" time="0.000" /><testcase classname="src.deepview.tests.test_batch_storage_ops" name="test_invalid_batch_storage_concatenation[missing_metadata]" time="0.000" /><testcase classname="src.deepview.tests.test_batch_storage_ops" name="test_invalid_batch_storage_concatenation[missing_metadata_field]" time="0.000" /><testcase classname="src.deepview.tests.test_batch_storage_ops" name="test_batch_storage_subset_out_of_range[selector0]" time="0.000" /><testcase classname="src.deepview.tests.test_batch_storage_ops" name="test_batch_storage_subset_out_of_range[selector1]" time="0.000" /><testcase classname="src.deepview.tests.test_batch_storage_ops" name="test_batch_storage_subset_out_of_range[selector2]" time="0.000" /><testcase classname="src.deepview.tests.test_batch_storage_ops" name="test_batch_storage_subset_out_of_range[selector3]" time="0.000" /><testcase classname="src.deepview.tests.test_batch_storage_ops" name="test_invalid_batch_storage_subset[indices0]" time="0.000" /><testcase classname="src.deepview.tests.test_batch_storage_ops" name="test_invalid_batch_storage_subset[indices1]" time="0.000" /><testcase classname="src.deepview.tests.test_batch_storage_ops" name="test_invalid_batch_storage_subset[indices2]" time="0.000" /><testcase classname="src.deepview.tests.test_batch_storage_ops" name="test_invalid_batch_storage_subset[indices3]" time="0.000" /><testcase classname="src.deepview.tests.test_batch_storage_ops" name="test_invalid_batch_storage_subset[indices4]" time="0.000" /><testcase classname="src.deepview.tests.test_batch_storage_ops" name="test_empty_batch_storage_subset" time="0.000" /><testcase classname="src.deepview.tests.test_cached_producer" name="mypy" time="0.000" /><testcase classname="src.deepview.tests.test_cached_producer.flake-8" name="FLAKE8" time="0.000"><skipped type="pytest.skip" message="file(s) previously passed FLAKE8 checks">/home/satish/miniforge3/envs/mistral/lib/python3.9/site-packages/pytest_flake8.py:135: file(s) previously passed FLAKE8 checks</skipped></testcase><testcase classname="src.deepview.tests.test_cached_producer" name="test_caching[16]" time="0.004" /><testcase classname="src.deepview.tests.test_cached_producer" name="test_caching[50]" time="0.003" /><testcase classname="src.deepview.tests.test_cached_producer" name="test_caching[64]" time="0.003" /><testcase classname="src.deepview.tests.test_cached_producer" name="test_caching_specific_path[16]" time="0.004" /><testcase classname="src.deepview.tests.test_cached_producer" name="test_caching_specific_path[50]" time="0.003" /><testcase classname="src.deepview.tests.test_cached_producer" name="test_caching_specific_path[64]" time="0.003" /><testcase classname="src.deepview.tests.test_cached_producer" name="test_invalid_caching_operations" time="0.002" /><testcase classname="src.deepview.tests.test_cached_producer" name="test_caching_with_different_batch_sizes[16]" time="0.005" /><testcase classname="src.deepview.tests.test_cached_producer" name="test_caching_with_different_batch_sizes[50]" time="0.005" /><testcase classname="src.deepview.tests.test_cached_producer" name="test_caching_with_different_batch_sizes[64]" time="0.005" /><testcase classname="src.deepview.tests.test_cached_producer" name="test_cached_producer_copy" time="0.004" /><testcase classname="src.deepview.tests.test_covariances" name="mypy" time="0.000" /><testcase classname="src.deepview.tests.test_covariances.flake-8" name="FLAKE8" time="0.057" /><testcase classname="src.deepview.tests.test_covariances" name="test_covariances_result_shapes" time="0.003" /><testcase classname="src.deepview.tests.test_covariances" name="test_covariances_results" time="0.003" /><testcase classname="src.deepview.tests.test_covariances" name="test_simple_online_test" time="0.000" /><testcase classname="src.deepview.tests.test_dataset_report" name="mypy" time="0.000" /><testcase classname="src.deepview.tests.test_dataset_report.flake-8" name="FLAKE8" time="0.000"><skipped type="pytest.skip" message="file(s) previously passed FLAKE8 checks">/home/satish/miniforge3/envs/mistral/lib/python3.9/site-packages/pytest_flake8.py:135: file(s) previously passed FLAKE8 checks</skipped></testcase><testcase classname="src.deepview.tests.test_dataset_report" name="test_summary_builder" time="0.003" /><testcase classname="src.deepview.tests.test_dataset_report" name="test_summary_builder_counts" time="0.000" /><testcase classname="src.deepview.tests.test_dataset_report" name="test_nonstr_labels" time="9.908" /><testcase classname="src.deepview.tests.test_dataset_report" name="test_duplicates_builder" time="0.007" /><testcase classname="src.deepview.tests.test_dataset_report" name="test_projection_builder" time="6.208" /><testcase classname="src.deepview.tests.test_dataset_report" name="test_familiarity_builder_and_wrappers" time="0.029" /><testcase classname="src.deepview.tests.test_dataset_report" name="test_condense_dataframes_by_label_dim" time="0.003" /><testcase classname="src.deepview.tests.test_dataset_report" name="test_dataset_report_combinations[configuration0-columns0-False]" time="0.007" /><testcase classname="src.deepview.tests.test_dataset_report" name="test_dataset_report_combinations[configuration1-columns1-False]" time="0.006" /><testcase classname="src.deepview.tests.test_dataset_report" name="test_dataset_report_combinations[configuration2-columns2-False]" time="0.111" /><testcase classname="src.deepview.tests.test_dataset_report" name="test_dataset_report_combinations[configuration3-columns3-False]" time="0.035" /><testcase classname="src.deepview.tests.test_dataset_report" name="test_dataset_report_combinations[configuration4-columns4-True]" time="0.470" /><testcase classname="src.deepview.tests.test_dataset_report" name="test_dataset_report_combinations[configuration5-columns5-True]" time="0.111" /><testcase classname="src.deepview.tests.test_dataset_report" name="test_dataset_report_combinations[configuration6-columns6-False]" time="0.102" /><testcase classname="src.deepview.tests.test_dataset_report" name="test_dataset_report_combinations[configuration7-columns7-True]" time="0.269" /><testcase classname="src.deepview.tests.test_dataset_report" name="test_dataset_report_combinations[configuration8-columns8-True]" time="0.280" /><testcase classname="src.deepview.tests.test_dataset_report" name="test_no_labels_report" time="0.154" /><testcase classname="src.deepview.tests.test_dataset_report" name="test_title_instantiation" time="0.001" /><testcase classname="src.deepview.tests.test_dataset_report" name="test_title_utils" time="0.000" /><testcase classname="src.deepview.tests.test_dataset_report" name="test_bad_title" time="0.000" /><testcase classname="src.deepview.tests.test_dataset_report" name="test_save_and_load_report" time="0.008" /><testcase classname="src.deepview.tests.test_dict_utils" name="mypy" time="0.000" /><testcase classname="src.deepview.tests.test_dict_utils.flake-8" name="FLAKE8" time="0.000"><skipped type="pytest.skip" message="file(s) previously passed FLAKE8 checks">/home/satish/miniforge3/envs/mistral/lib/python3.9/site-packages/pytest_flake8.py:135: file(s) previously passed FLAKE8 checks</skipped></testcase><testcase classname="src.deepview.tests.test_dict_utils" name="test_rename_simple" time="0.000" /><testcase classname="src.deepview.tests.test_dict_utils" name="test_rename_swap" time="0.000" /><testcase classname="src.deepview.tests.test_dict_utils" name="test_rename_transitive" time="0.000" /><testcase classname="src.deepview.tests.test_dict_utils" name="test_delete_keys" time="0.000" /><testcase classname="src.deepview.tests.test_dict_utils" name="test_delete_keys_keep" time="0.000" /><testcase classname="src.deepview.tests.test_dict_utils" name="test_delete_all_keys" time="0.000" /><testcase classname="src.deepview.tests.test_dict_utils" name="test_delete_keep_all_keys" time="0.000" /><testcase classname="src.deepview.tests.test_dict_utils" name="test_seq_of_dict_to_dict_of_seq" time="0.000" /><testcase classname="src.deepview.tests.test_dict_utils" name="test_dict_of_seq_to_seq_of_dict" time="0.000" /><testcase classname="src.deepview.tests.test_dict_utils" name="test_subscript_dict_of_seq" time="0.000" /><testcase classname="src.deepview.tests.test_dict_utils" name="test_ordered_values_tuple" time="0.000" /><testcase classname="src.deepview.tests.test_dimension_reduction" name="mypy" time="0.000" /><testcase classname="src.deepview.tests.test_dimension_reduction.flake-8" name="FLAKE8" time="0.000"><skipped type="pytest.skip" message="file(s) previously passed FLAKE8 checks">/home/satish/miniforge3/envs/mistral/lib/python3.9/site-packages/pytest_flake8.py:135: file(s) previously passed FLAKE8 checks</skipped></testcase><testcase classname="src.deepview.tests.test_dimension_reduction" name="test_pca" time="0.043" /><testcase classname="src.deepview.tests.test_dimension_reduction" name="test_pca_single" time="0.006" /><testcase classname="src.deepview.tests.test_dimension_reduction" name="test_pca_partial" time="0.003" /><testcase classname="src.deepview.tests.test_dimension_reduction" name="test_pca_standard" time="0.009" /><testcase classname="src.deepview.tests.test_dimension_reduction" name="test_tsne" time="0.502" /><testcase classname="src.deepview.tests.test_dimension_reduction" name="test_umap" time="5.964" /><testcase classname="src.deepview.tests.test_dimension_reduction" name="test_pacmap" time="6.171" /><testcase classname="src.deepview.tests.test_dni_model" name="mypy" time="0.001" /><testcase classname="src.deepview.tests.test_dni_model.flake-8" name="FLAKE8" time="0.000"><skipped type="pytest.skip" message="file(s) previously passed FLAKE8 checks">/home/satish/miniforge3/envs/mistral/lib/python3.9/site-packages/pytest_flake8.py:135: file(s) previously passed FLAKE8 checks</skipped></testcase><testcase classname="src.deepview.tests.test_dni_model" name="test_abstract_class_instantiation" time="0.000" /><testcase classname="src.deepview.tests.test_dni_responses" name="mypy" time="0.000" /><testcase classname="src.deepview.tests.test_dni_responses.flake-8" name="FLAKE8" time="0.000"><skipped type="pytest.skip" message="file(s) previously passed FLAKE8 checks">/home/satish/miniforge3/envs/mistral/lib/python3.9/site-packages/pytest_flake8.py:135: file(s) previously passed FLAKE8 checks</skipped></testcase><testcase classname="src.deepview.tests.test_dni_responses" name="test_stub_response_producer[data0]" time="0.014" /><testcase classname="src.deepview.tests.test_dni_stub_datasets" name="mypy" time="0.000" /><testcase classname="src.deepview.tests.test_dni_stub_datasets.flake-8" name="FLAKE8" time="0.000"><skipped type="pytest.skip" message="file(s) previously passed FLAKE8 checks">/home/satish/miniforge3/envs/mistral/lib/python3.9/site-packages/pytest_flake8.py:135: file(s) previously passed FLAKE8 checks</skipped></testcase><testcase classname="src.deepview.tests.test_dni_stub_datasets" name="test_stub_image_dataset_batch_size_divisible" time="0.977" /><testcase classname="src.deepview.tests.test_dni_stub_datasets" name="test_stub_gated_addition_dataset" time="0.002" /><testcase classname="src.deepview.tests.test_dni_stub_datasets" name="test_stub_image_dataset[dataset_batch_combo0]" time="0.086" /><testcase classname="src.deepview.tests.test_dni_stub_datasets" name="test_stub_image_dataset[dataset_batch_combo1]" time="0.089" /><testcase classname="src.deepview.tests.test_dni_stub_datasets" name="test_stub_image_dataset[dataset_batch_combo2]" time="0.099" /><testcase classname="src.deepview.tests.test_dni_stub_datasets" name="test_stub_image_dataset[dataset_batch_combo3]" time="0.090" /><testcase classname="src.deepview.tests.test_dni_stub_datasets" name="test_stub_image_dataset[dataset_batch_combo4]" time="0.090" /><testcase classname="src.deepview.tests.test_dni_stub_datasets" name="test_stub_image_dataset_zero_batch" time="0.000" /><testcase classname="src.deepview.tests.test_duplicates" name="mypy" time="0.000" /><testcase classname="src.deepview.tests.test_duplicates.flake-8" name="FLAKE8" time="0.000"><skipped type="pytest.skip" message="file(s) previously passed FLAKE8 checks">/home/satish/miniforge3/envs/mistral/lib/python3.9/site-packages/pytest_flake8.py:135: file(s) previously passed FLAKE8 checks</skipped></testcase><testcase classname="src.deepview.tests.test_duplicates" name="test_duplicate_introspector" time="0.512" /><testcase classname="src.deepview.tests.test_duplicates" name="test_build_inverse_mapping" time="0.000" /><testcase classname="src.deepview.tests.test_duplicates" name="test_build_inverse_mapping_join_cluster" time="0.000" /><testcase classname="src.deepview.tests.test_familiarity" name="mypy" time="0.000" /><testcase classname="src.deepview.tests.test_familiarity.flake-8" name="FLAKE8" time="0.000"><skipped type="pytest.skip" message="file(s) previously passed FLAKE8 checks">/home/satish/miniforge3/envs/mistral/lib/python3.9/site-packages/pytest_flake8.py:135: file(s) previously passed FLAKE8 checks</skipped></testcase><testcase classname="src.deepview.tests.test_familiarity" name="test_gmm_familiarity_introspector" time="0.274" /><testcase classname="src.deepview.tests.test_familiarity" name="test_gmm_familiarity_introspector_result" time="0.063" /><testcase classname="src.deepview.tests.test_familiarity" name="test_gmm_familiarity_scores[GMMCovarianceType.FULL-1-1]" time="0.029" /><testcase classname="src.deepview.tests.test_familiarity" name="test_gmm_familiarity_scores[GMMCovarianceType.FULL-1-5]" time="0.192" /><testcase classname="src.deepview.tests.test_familiarity" name="test_gmm_familiarity_scores[GMMCovarianceType.FULL-4-1]" time="0.034" /><testcase classname="src.deepview.tests.test_familiarity" name="test_gmm_familiarity_scores[GMMCovarianceType.FULL-4-5]" time="0.151" /><testcase classname="src.deepview.tests.test_familiarity" name="test_gmm_familiarity_scores[GMMCovarianceType.DIAG-1-1]" time="0.023" /><testcase classname="src.deepview.tests.test_familiarity" name="test_gmm_familiarity_scores[GMMCovarianceType.DIAG-1-5]" time="0.082" /><testcase classname="src.deepview.tests.test_familiarity" name="test_gmm_familiarity_scores[GMMCovarianceType.DIAG-4-1]" time="0.024" /><testcase classname="src.deepview.tests.test_familiarity" name="test_gmm_familiarity_scores[GMMCovarianceType.DIAG-4-5]" time="0.092" /><testcase classname="src.deepview.tests.test_image_processors" name="mypy" time="0.000" /><testcase classname="src.deepview.tests.test_image_processors.flake-8" name="FLAKE8" time="0.000"><skipped type="pytest.skip" message="file(s) previously passed FLAKE8 checks">/home/satish/miniforge3/envs/mistral/lib/python3.9/site-packages/pytest_flake8.py:135: file(s) previously passed FLAKE8 checks</skipped></testcase><testcase classname="src.deepview.tests.test_image_processors" name="test_image_resizer[size0-ImageFormat.CHW-expected_size0]" time="0.076" /><testcase classname="src.deepview.tests.test_image_processors" name="test_image_resizer[size1-ImageFormat.HWC-expected_size1]" time="0.002" /><testcase classname="src.deepview.tests.test_image_processors" name="test_gaussian_blur" time="0.010" /><testcase classname="src.deepview.tests.test_image_processors" name="test_gamma_contrast" time="0.005" /><testcase classname="src.deepview.tests.test_image_processors" name="test_rotation" time="0.025" /><testcase classname="src.deepview.tests.test_image_producer" name="mypy" time="0.000" /><testcase classname="src.deepview.tests.test_image_producer.flake-8" name="FLAKE8" time="0.000"><skipped type="pytest.skip" message="file(s) previously passed FLAKE8 checks">/home/satish/miniforge3/envs/mistral/lib/python3.9/site-packages/pytest_flake8.py:135: file(s) previously passed FLAKE8 checks</skipped></testcase><testcase classname="src.deepview.tests.test_image_producer" name="test_non_existing_folder" time="0.000" /><testcase classname="src.deepview.tests.test_image_producer" name="test_empty_folder" time="0.001" /><testcase classname="src.deepview.tests.test_image_producer" name="test_image_loading[jpeg-grayscale]" time="0.004" /><testcase classname="src.deepview.tests.test_image_producer" name="test_image_loading[jpeg-color]" time="0.002" /><testcase classname="src.deepview.tests.test_image_producer" name="test_image_loading[jpeg-alpha]" time="0.000"><skipped type="pytest.skip" message="JPEGs cannot encode image with alpha channels">/media/satish/Development/workspace/projects/deepview/src/deepview/tests/test_image_producer.py:138: JPEGs cannot encode image with alpha channels</skipped></testcase><testcase classname="src.deepview.tests.test_image_producer" name="test_image_loading[png-grayscale]" time="0.002" /><testcase classname="src.deepview.tests.test_image_producer" name="test_image_loading[png-color]" time="0.004" /><testcase classname="src.deepview.tests.test_image_producer" name="test_image_loading[png-alpha]" time="0.005" /><testcase classname="src.deepview.tests.test_image_producer" name="test_batch_generation[1-grayscale-jpeg]" time="0.001" /><testcase classname="src.deepview.tests.test_image_producer" name="test_batch_generation[1-grayscale-png]" time="0.002" /><testcase classname="src.deepview.tests.test_image_producer" name="test_batch_generation[1-color-jpeg]" time="0.002" /><testcase classname="src.deepview.tests.test_image_producer" name="test_batch_generation[1-color-png]" time="0.004" /><testcase classname="src.deepview.tests.test_image_producer" name="test_batch_generation[1-alpha-jpeg]" time="0.000"><skipped type="pytest.skip" message="JPEGs cannot encode image with alpha channels">/media/satish/Development/workspace/projects/deepview/src/deepview/tests/test_image_producer.py:167: JPEGs cannot encode image with alpha channels</skipped></testcase><testcase classname="src.deepview.tests.test_image_producer" name="test_batch_generation[1-alpha-png]" time="0.005" /><testcase classname="src.deepview.tests.test_image_producer" name="test_batch_generation[2-grayscale-jpeg]" time="0.001" /><testcase classname="src.deepview.tests.test_image_producer" name="test_batch_generation[2-grayscale-png]" time="0.002" /><testcase classname="src.deepview.tests.test_image_producer" name="test_batch_generation[2-color-jpeg]" time="0.002" /><testcase classname="src.deepview.tests.test_image_producer" name="test_batch_generation[2-color-png]" time="0.004" /><testcase classname="src.deepview.tests.test_image_producer" name="test_batch_generation[2-alpha-jpeg]" time="0.001"><skipped type="pytest.skip" message="JPEGs cannot encode image with alpha channels">/media/satish/Development/workspace/projects/deepview/src/deepview/tests/test_image_producer.py:167: JPEGs cannot encode image with alpha channels</skipped></testcase><testcase classname="src.deepview.tests.test_image_producer" name="test_batch_generation[2-alpha-png]" time="0.005" /><testcase classname="src.deepview.tests.test_image_producer" name="test_batch_generation[5-grayscale-jpeg]" time="0.001" /><testcase classname="src.deepview.tests.test_image_producer" name="test_batch_generation[5-grayscale-png]" time="0.002" /><testcase classname="src.deepview.tests.test_image_producer" name="test_batch_generation[5-color-jpeg]" time="0.002" /><testcase classname="src.deepview.tests.test_image_producer" name="test_batch_generation[5-color-png]" time="0.004" /><testcase classname="src.deepview.tests.test_image_producer" name="test_batch_generation[5-alpha-jpeg]" time="0.000"><skipped type="pytest.skip" message="JPEGs cannot encode image with alpha channels">/media/satish/Development/workspace/projects/deepview/src/deepview/tests/test_image_producer.py:167: JPEGs cannot encode image with alpha channels</skipped></testcase><testcase classname="src.deepview.tests.test_image_producer" name="test_batch_generation[5-alpha-png]" time="0.005" /><testcase classname="src.deepview.tests.test_image_producer" name="test_batch_generation[8-grayscale-jpeg]" time="0.001" /><testcase classname="src.deepview.tests.test_image_producer" name="test_batch_generation[8-grayscale-png]" time="0.002" /><testcase classname="src.deepview.tests.test_image_producer" name="test_batch_generation[8-color-jpeg]" time="0.002" /><testcase classname="src.deepview.tests.test_image_producer" name="test_batch_generation[8-color-png]" time="0.004" /><testcase classname="src.deepview.tests.test_image_producer" name="test_batch_generation[8-alpha-jpeg]" time="0.000"><skipped type="pytest.skip" message="JPEGs cannot encode image with alpha channels">/media/satish/Development/workspace/projects/deepview/src/deepview/tests/test_image_producer.py:167: JPEGs cannot encode image with alpha channels</skipped></testcase><testcase classname="src.deepview.tests.test_image_producer" name="test_batch_generation[8-alpha-png]" time="0.005" /><testcase classname="src.deepview.tests.test_image_producer" name="test_batch_generation[10-grayscale-jpeg]" time="0.001" /><testcase classname="src.deepview.tests.test_image_producer" name="test_batch_generation[10-grayscale-png]" time="0.002" /><testcase classname="src.deepview.tests.test_image_producer" name="test_batch_generation[10-color-jpeg]" time="0.002" /><testcase classname="src.deepview.tests.test_image_producer" name="test_batch_generation[10-color-png]" time="0.004" /><testcase classname="src.deepview.tests.test_image_producer" name="test_batch_generation[10-alpha-jpeg]" time="0.000"><skipped type="pytest.skip" message="JPEGs cannot encode image with alpha channels">/media/satish/Development/workspace/projects/deepview/src/deepview/tests/test_image_producer.py:167: JPEGs cannot encode image with alpha channels</skipped></testcase><testcase classname="src.deepview.tests.test_image_producer" name="test_batch_generation[10-alpha-png]" time="0.005" /><testcase classname="src.deepview.tests.test_image_producer" name="test_invalid_batch_size[grayscale-jpeg]" time="0.001" /><testcase classname="src.deepview.tests.test_image_producer" name="test_invalid_batch_size[grayscale-png]" time="0.002" /><testcase classname="src.deepview.tests.test_image_producer" name="test_invalid_batch_size[color-jpeg]" time="0.001" /><testcase classname="src.deepview.tests.test_image_producer" name="test_invalid_batch_size[color-png]" time="0.003" /><testcase classname="src.deepview.tests.test_image_producer" name="test_invalid_batch_size[alpha-jpeg]" time="0.000"><skipped type="pytest.skip" message="JPEGs cannot encode image with alpha channels">/media/satish/Development/workspace/projects/deepview/src/deepview/tests/test_image_producer.py:178: JPEGs cannot encode image with alpha channels</skipped></testcase><testcase classname="src.deepview.tests.test_image_producer" name="test_invalid_batch_size[alpha-png]" time="0.004" /><testcase classname="src.deepview.tests.test_image_producer" name="test_mismatched_dimensions" time="0.002" /><testcase classname="src.deepview.tests.test_iua" name="mypy" time="0.000" /><testcase classname="src.deepview.tests.test_iua.flake-8" name="FLAKE8" time="0.000"><skipped type="pytest.skip" message="file(s) previously passed FLAKE8 checks">/home/satish/miniforge3/envs/mistral/lib/python3.9/site-packages/pytest_flake8.py:135: file(s) previously passed FLAKE8 checks</skipped></testcase><testcase classname="src.deepview.tests.test_iua" name="test_iua_result_shapes" time="0.001" /><testcase classname="src.deepview.tests.test_iua" name="test_iua_result_statistics" time="0.001" /><testcase classname="src.deepview.tests.test_iua" name="test_iua_show_table" time="0.010" /><testcase classname="src.deepview.tests.test_iua" name="test_iua_show_chart" time="0.328" /><testcase classname="src.deepview.tests.test_iua" name="test_iua_show_invalid_vis" time="0.001" /><testcase classname="src.deepview.tests.test_metadata" name="mypy" time="0.000" /><testcase classname="src.deepview.tests.test_metadata.flake-8" name="FLAKE8" time="0.000"><skipped type="pytest.skip" message="file(s) previously passed FLAKE8 checks">/home/satish/miniforge3/envs/mistral/lib/python3.9/site-packages/pytest_flake8.py:135: file(s) previously passed FLAKE8 checks</skipped></testcase><testcase classname="src.deepview.tests.test_metadata" name="test_metadata" time="0.000" /><testcase classname="src.deepview.tests.test_metadata" name="test_metadata_exceptions" time="0.000" /><testcase classname="src.deepview.tests.test_metadata" name="test_metadata_union" time="0.000" /><testcase classname="src.deepview.tests.test_metadata_processors" name="mypy" time="0.000" /><testcase classname="src.deepview.tests.test_metadata_processors.flake-8" name="FLAKE8" time="0.000"><skipped type="pytest.skip" message="file(s) previously passed FLAKE8 checks">/home/satish/miniforge3/envs/mistral/lib/python3.9/site-packages/pytest_flake8.py:135: file(s) previously passed FLAKE8 checks</skipped></testcase><testcase classname="src.deepview.tests.test_metadata_processors" name="test_metadata_rename_fields" time="0.001" /><testcase classname="src.deepview.tests.test_metadata_processors" name="test_metadata_transitive_rename" time="0.000" /><testcase classname="src.deepview.tests.test_metadata_processors" name="test_metadata_swap" time="0.000" /><testcase classname="src.deepview.tests.test_metadata_processors" name="test_metadata_remove_all" time="0.001" /><testcase classname="src.deepview.tests.test_metadata_processors" name="test_metadata_keep_all" time="0.000" /><testcase classname="src.deepview.tests.test_metadata_processors" name="test_metadata_remove_metakey_and_keys" time="0.001" /><testcase classname="src.deepview.tests.test_metadata_processors" name="test_metadata_keep_metakey_and_keys" time="0.000" /><testcase classname="src.deepview.tests.test_metadata_processors" name="test_metadata_remove_keys" time="0.000" /><testcase classname="src.deepview.tests.test_metadata_processors" name="test_metadata_keep_keys" time="0.000" /><testcase classname="src.deepview.tests.test_metadata_processors" name="test_metadata_remove_mixed_keys" time="0.000" /><testcase classname="src.deepview.tests.test_metadata_processors" name="test_metadata_keep_mixed_metakeys" time="0.000" /><testcase classname="src.deepview.tests.test_metadata_processors" name="test_metadata_keep_simple_metakey" time="0.000" /><testcase classname="src.deepview.tests.test_multi_introspect" name="mypy" time="0.000" /><testcase classname="src.deepview.tests.test_multi_introspect.flake-8" name="FLAKE8" time="0.000"><skipped type="pytest.skip" message="file(s) previously passed FLAKE8 checks">/home/satish/miniforge3/envs/mistral/lib/python3.9/site-packages/pytest_flake8.py:135: file(s) previously passed FLAKE8 checks</skipped></testcase><testcase classname="src.deepview.tests.test_multi_introspect" name="test_multi_introspect_with_single_introspector" time="0.001" /><testcase classname="src.deepview.tests.test_multi_introspect" name="test_multi_introspect_with_two_introspectors" time="0.001" /><testcase classname="src.deepview.tests.test_multi_introspect" name="test_multi_introspect" time="0.001" /><testcase classname="src.deepview.tests.test_multi_introspect" name="test_multi_introspect_with_faulty_producer" time="0.001" /><testcase classname="src.deepview.tests.test_multi_introspect" name="test_multi_introspect_with_faulty_introspector" time="0.001" /><testcase classname="src.deepview.tests.test_multivar_gaussian" name="mypy" time="0.000" /><testcase classname="src.deepview.tests.test_multivar_gaussian.flake-8" name="FLAKE8" time="0.000"><skipped type="pytest.skip" message="file(s) previously passed FLAKE8 checks">/home/satish/miniforge3/envs/mistral/lib/python3.9/site-packages/pytest_flake8.py:135: file(s) previously passed FLAKE8 checks</skipped></testcase><testcase classname="src.deepview.tests.test_multivar_gaussian" name="test_multivariate_gaussian_distribution" time="0.001" /><testcase classname="src.deepview.tests.test_multivar_gaussian" name="test_mixture_of_multivariate_gaussian_distributions" time="0.001" /><testcase classname="src.deepview.tests.test_pfa" name="mypy" time="0.000" /><testcase classname="src.deepview.tests.test_pfa.flake-8" name="FLAKE8" time="0.000"><skipped type="pytest.skip" message="file(s) previously passed FLAKE8 checks">/home/satish/miniforge3/envs/mistral/lib/python3.9/site-packages/pytest_flake8.py:135: file(s) previously passed FLAKE8 checks</skipped></testcase><testcase classname="src.deepview.tests.test_pfa" name="test_covariance_with_dead_units" time="0.003" /><testcase classname="src.deepview.tests.test_pfa" name="test_correlation_coefficients_with_nan" time="0.003" /><testcase classname="src.deepview.tests.test_pfa.TestPFAforCNN" name="test_pfa_on_keras_model" time="2.831"><error message="failed on setup with &quot;AttributeError: 'KerasTensor' object has no attribute 'type_spec'&quot;">self = &lt;test_pfa.TestPFAforCNN object at 0x72eddfa1dc70&gt;

    def setup_method(self) -&gt; None:
        """ set up any state tied to the execution of the given method in a
        class.  setup_method is invoked for every test method of a class.
        """
        # Note, must clear session before setting random seed
        tf.keras.backend.clear_session()
        np.random.seed(1234)
    
        simple_cnn_config_override = {
            "num_classes": 10
        }
    
        if running_tf_1():
            sess = tf.Session()
            tf.random.set_random_seed(751994)
            _ = get_simple_cnn_model(simple_cnn_config_override)
            sess.run(tf.global_variables_initializer())
    
            self.model = load_tf_model_from_memory(session=sess)
        else:
            tf.random.set_seed(751994)
            keras_model = get_simple_cnn_model(simple_cnn_config_override)
&gt;           self.model = load_tf_model_from_memory(model=keras_model)

src/deepview/tests/test_pfa.py:170: 
_ _ _ _ _ _ _ _ _ _ _ _ _ _ _ _ _ _ _ _ _ _ _ _ _ _ _ _ _ _ _ _ _ _ _ _ _ _ _ _ _ _ _ _ _ _ _ 
/home/satish/miniforge3/envs/mistral/lib/python3.9/site-packages/deepview_tensorflow/_tensorflow/_tensorflow_loading.py:89: in load_tf_model_from_memory
    return tf_memory_load(model)
/home/satish/miniforge3/envs/mistral/lib/python3.9/site-packages/deepview_tensorflow/_tensorflow/_tf2_loading.py:67: in load_tf_2_model_from_memory
    return Model(_Tensorflow2ModelDetails(model=model))
&lt;string&gt;:4: in __init__
    ???
/home/satish/miniforge3/envs/mistral/lib/python3.9/site-packages/deepview/base/_model.py:217: in __post_init__
    response_infos = {r.name: r for r in self._details.get_response_infos()}
/home/satish/miniforge3/envs/mistral/lib/python3.9/site-packages/deepview/base/_model.py:217: in &lt;dictcomp&gt;
    response_infos = {r.name: r for r in self._details.get_response_infos()}
_ _ _ _ _ _ _ _ _ _ _ _ _ _ _ _ _ _ _ _ _ _ _ _ _ _ _ _ _ _ _ _ _ _ _ _ _ _ _ _ _ _ _ _ _ _ _ 

self = _Tensorflow2ModelDetails(model=&lt;Functional name=sample_model, built=True&gt;)

    def get_response_infos(self) -&gt; t.Iterable[ResponseInfo]:
        # now go through all layers (including input) and return output
        for layer in self.model.layers:
            yield ResponseInfo(
                name=layer.name,
&gt;               dtype=_convert_tf_dtype(layer.output.type_spec.dtype),
                shape=_convert_tf_shape(layer.output.type_spec.shape),
                layer=ResponseInfo.Layer(
                    name=_remove_op_number(layer.output.name),
                    kind=_convert_tf_operation(layer.output.name),
                    typename=_extract_kind(layer.output.name)
                )
            )
E           AttributeError: 'KerasTensor' object has no attribute 'type_spec'

/home/satish/miniforge3/envs/mistral/lib/python3.9/site-packages/deepview_tensorflow/_tensorflow/_tf2_model.py:121: AttributeError</error></testcase><testcase classname="src.deepview.tests.test_pfa.TestUnitSelection" name="test_unit_selection_given_corr_max_l1" time="0.028" /><testcase classname="src.deepview.tests.test_pfa.TestUnitSelection" name="test_unit_selection_given_corr_min_l1" time="0.001" /><testcase classname="src.deepview.tests.test_pfa.TestUnitSelection" name="test_unit_selection_given_corr_abs_min" time="0.001" /><testcase classname="src.deepview.tests.test_pfa.TestUnitSelection" name="test_unit_selection_given_corr_abs_max" time="0.001" /><testcase classname="src.deepview.tests.test_pfa.TestUnitSelection" name="test_unit_selection_given_corr_and_inactive_units_l1_max" time="0.000" /><testcase classname="src.deepview.tests.test_pfa.TestUnitSelection" name="test_unit_selection_given_corr_and_inactive_units_l1_min" time="0.000" /><testcase classname="src.deepview.tests.test_pfa.TestUnitSelection" name="test_unit_selection_given_corr_and_inactive_units_abs_max" time="0.000" /><testcase classname="src.deepview.tests.test_pfa.TestUnitSelection" name="test_unit_selection_given_corr_and_inactive_units_abs_min" time="0.000" /><testcase classname="src.deepview.tests.test_pfa.TestUnitSelection" name="test_unit_selection_with_inactive_units" time="1.271" /><testcase classname="src.deepview.tests.test_pfa.TestPFARegression" name="test_pfa_kl_linear_vs_legacy" time="0.427" /><testcase classname="src.deepview.tests.test_pfa.TestPFARegression" name="test_pfa_en_vs_legacy" time="0.418" /><testcase classname="src.deepview.tests.test_pfa.TestPFARegression" name="test_pfa_en_violation_warning" time="0.418" /><testcase classname="src.deepview.tests.test_pfa.TestPFARegression" name="test_pfa_not_enough_samples_vs_legacy" time="0.227" /><testcase classname="src.deepview.tests.test_pfa.TestPFARegression" name="test_pfa_unit_selection_l1_max_vs_legacy" time="1.095" /><testcase classname="src.deepview.tests.test_pfa.TestPFARegression" name="test_pfa_unit_selection_l1_min_vs_legacy" time="1.102" /><testcase classname="src.deepview.tests.test_pfa.TestPFARegression" name="test_pfa_unit_selection_abs_max_vs_legacy" time="1.104" /><testcase classname="src.deepview.tests.test_pfa.TestPFARegression" name="test_pfa_unit_selection_abs_min_vs_legacy" time="1.105" /><testcase classname="src.deepview.tests.test_pfa" name="test_pfa_kl_linear_interpolation_function" time="0.000" /><testcase classname="src.deepview.tests.test_pfa" name="test_pfa_show_table[False-None-None-resulting_columns0]" time="0.002" /><testcase classname="src.deepview.tests.test_pfa" name="test_pfa_show_table[True-None-None-resulting_columns1]" time="0.001" /><testcase classname="src.deepview.tests.test_pfa" name="test_pfa_show_table[False-include_columns2-None-resulting_columns2]" time="0.001" /><testcase classname="src.deepview.tests.test_pfa" name="test_pfa_show_table[True-include_columns3-None-resulting_columns3]" time="0.001" /><testcase classname="src.deepview.tests.test_pfa" name="test_pfa_show_table[True-include_columns4-None-resulting_columns4]" time="0.001" /><testcase classname="src.deepview.tests.test_pfa" name="test_pfa_show_table[True-include_columns5-exclude_columns5-resulting_columns5]" time="0.001" /><testcase classname="src.deepview.tests.test_pfa" name="test_pfa_show_table[True-include_columns6-None-resulting_columns6]" time="0.001" /><testcase classname="src.deepview.tests.test_pfa" name="test_pfa_show_table[True-None-exclude_columns7-resulting_columns7]" time="0.001" /><testcase classname="src.deepview.tests.test_pfa" name="test_pfa_show_table_multi_result" time="0.001" /><testcase classname="src.deepview.tests.test_pfa" name="test_pfa_show_table_exceptions" time="0.001" /><testcase classname="src.deepview.tests.test_pfa" name="test_pfa_show_chart" time="0.036" /><testcase classname="src.deepview.tests.test_pipeline" name="mypy" time="0.000" /><testcase classname="src.deepview.tests.test_pipeline.flake-8" name="FLAKE8" time="0.000"><skipped type="pytest.skip" message="file(s) previously passed FLAKE8 checks">/home/satish/miniforge3/envs/mistral/lib/python3.9/site-packages/pytest_flake8.py:135: file(s) previously passed FLAKE8 checks</skipped></testcase><testcase classname="src.deepview.tests.test_pipeline" name="test_pipeline" time="0.002" /><testcase classname="src.deepview.tests.test_pipeline" name="test_pipeline_wrong_order" time="0.001" /><testcase classname="src.deepview.tests.test_pipeline" name="test_pipeline_nested_tuple" time="0.023" /><testcase classname="src.deepview.tests.test_processors" name="mypy" time="0.000" /><testcase classname="src.deepview.tests.test_processors.flake-8" name="FLAKE8" time="0.000"><skipped type="pytest.skip" message="file(s) previously passed FLAKE8 checks">/home/satish/miniforge3/envs/mistral/lib/python3.9/site-packages/pytest_flake8.py:135: file(s) previously passed FLAKE8 checks</skipped></testcase><testcase classname="src.deepview.tests.test_processors" name="test_pooling_args[Method.MAX-dim0-expected_shape0-False]" time="0.001" /><testcase classname="src.deepview.tests.test_processors" name="test_pooling_args[Method.SUM-dim1-expected_shape1-False]" time="0.001" /><testcase classname="src.deepview.tests.test_processors" name="test_pooling_args[Method.AVERAGE-dim2-expected_shape2-False]" time="0.001" /><testcase classname="src.deepview.tests.test_processors" name="test_pooling_args[Method.MAX-3-expected_shape3-False]" time="0.001" /><testcase classname="src.deepview.tests.test_processors" name="test_pooling_args[Method.SUM-3-expected_shape4-False]" time="0.001" /><testcase classname="src.deepview.tests.test_processors" name="test_pooling_args[Method.AVERAGE-3-expected_shape5-False]" time="0.002" /><testcase classname="src.deepview.tests.test_processors" name="test_pooling_args[Method.MAX-dim6-expected_shape6-True]" time="0.001" /><testcase classname="src.deepview.tests.test_processors" name="test_pooling_args[Method.MAX-4-expected_shape7-True]" time="0.001" /><testcase classname="src.deepview.tests.test_processors" name="test_pooling_values[Method.MAX-dim0-pool_fn0]" time="0.003" /><testcase classname="src.deepview.tests.test_processors" name="test_pooling_values[Method.SUM-dim1-pool_fn1]" time="0.003" /><testcase classname="src.deepview.tests.test_processors" name="test_pooling_values[Method.AVERAGE-dim2-pool_fn2]" time="0.003" /><testcase classname="src.deepview.tests.test_processors" name="test_pooling_values[Method.MAX-3-pool_fn3]" time="0.003" /><testcase classname="src.deepview.tests.test_processors" name="test_pooling_values[Method.SUM-3-pool_fn4]" time="0.003" /><testcase classname="src.deepview.tests.test_processors" name="test_pooling_values[Method.AVERAGE-3-pool_fn5]" time="0.003" /><testcase classname="src.deepview.tests.test_processors" name="test_partial_fields_pooling" time="0.001" /><testcase classname="src.deepview.tests.test_processors" name="test_none_fields_pooling" time="0.001" /><testcase classname="src.deepview.tests.test_processors" name="test_processors_single_batch[processor0-data0-expected0]" time="0.000" /><testcase classname="src.deepview.tests.test_processors" name="test_processors_single_batch[processor1-data1-expected1]" time="0.000" /><testcase classname="src.deepview.tests.test_processors" name="test_processors_single_batch[processor2-data2-expected2]" time="0.000" /><testcase classname="src.deepview.tests.test_processors" name="test_processors_single_batch[processor3-data3-expected3]" time="0.000" /><testcase classname="src.deepview.tests.test_processors" name="test_processors_single_batch[processor4-data4-expected4]" time="0.000" /><testcase classname="src.deepview.tests.test_processors" name="test_field_remover" time="0.001" /><testcase classname="src.deepview.tests.test_processors" name="test_field_renamer" time="0.001" /><testcase classname="src.deepview.tests.test_processors" name="test_concatenator" time="0.000" /><testcase classname="src.deepview.tests.test_processors" name="test_snapshot" time="0.001" /><testcase classname="src.deepview.tests.test_processors" name="test_snapshot_fields" time="0.001" /><testcase classname="src.deepview.tests.test_processors" name="test_snapshot_remove" time="0.001" /><testcase classname="src.deepview.tests.test_processors" name="test_rename_fields" time="0.000" /><testcase classname="src.deepview.tests.test_processors" name="test_remove_field" time="0.000" /><testcase classname="src.deepview.tests.test_processors" name="test_pipeline_debugger" time="0.001" /><testcase classname="src.deepview.tests.test_processors" name="test_composer_none" time="0.001" /><testcase classname="src.deepview.tests.test_processors" name="test_composer_subset" time="0.001" /><testcase classname="src.deepview.tests.test_processors" name="test_composer_from_element_filter" time="0.000" /><testcase classname="src.deepview.tests.test_processors" name="test_composer_from_dict_metadata" time="0.001" /><testcase classname="src.deepview.tests.test_producer_ops" name="mypy" time="0.000" /><testcase classname="src.deepview.tests.test_producer_ops.flake-8" name="FLAKE8" time="0.000"><skipped type="pytest.skip" message="file(s) previously passed FLAKE8 checks">/home/satish/miniforge3/envs/mistral/lib/python3.9/site-packages/pytest_flake8.py:135: file(s) previously passed FLAKE8 checks</skipped></testcase><testcase classname="src.deepview.tests.test_producer_ops" name="test_accumulate_batches" time="0.003" /><testcase classname="src.deepview.tests.test_producer_ops" name="test_invalid_accumulate_batches" time="0.000" /><testcase classname="src.deepview.tests.test_producer_ops" name="test_resize_producer[32-7]" time="0.009" /><testcase classname="src.deepview.tests.test_producer_ops" name="test_resize_producer[100-2]" time="0.018" /><testcase classname="src.deepview.tests.test_producer_ops" name="test_resize_producer[4-17]" time="0.010" /><testcase classname="src.deepview.tests.test_producer_ops" name="test_produce_elements[4]" time="0.005" /><testcase classname="src.deepview.tests.test_producer_ops" name="test_produce_elements[32]" time="0.005" /><testcase classname="src.deepview.tests.test_producer_ops" name="test_produce_elements[100]" time="0.005" /><testcase classname="src.deepview.tests.test_spectral_analysis" name="mypy" time="0.000" /><testcase classname="src.deepview.tests.test_spectral_analysis.flake-8" name="FLAKE8" time="0.000"><skipped type="pytest.skip" message="file(s) previously passed FLAKE8 checks">/home/satish/miniforge3/envs/mistral/lib/python3.9/site-packages/pytest_flake8.py:135: file(s) previously passed FLAKE8 checks</skipped></testcase><testcase classname="src.deepview.tests.test_spectral_analysis" name="test_invalid_responses" time="0.001" /><testcase classname="src.deepview.tests.test_spectral_analysis" name="test_spectral_analysis_result_shapes" time="0.002" /><testcase classname="src.deepview.tests.test_spectral_analysis" name="test_data_rank_conservation_wrt_feature_repetition" time="0.000" /><testcase classname="src.deepview.tests.test_spectral_analysis" name="test_data_rank_conservation_wrt_feature_linear_combination" time="0.001" /><testcase classname="src.deepview_tensorflow.deepview_tensorflow.__init__" name="mypy" time="0.000" /><testcase classname="src.deepview_tensorflow.deepview_tensorflow.__init__.flake-8" name="FLAKE8" time="0.000"><skipped type="pytest.skip" message="file(s) previously passed FLAKE8 checks">/home/satish/miniforge3/envs/mistral/lib/python3.9/site-packages/pytest_flake8.py:135: file(s) previously passed FLAKE8 checks</skipped></testcase><testcase classname="src.deepview_tensorflow.deepview_tensorflow._custom_datasets" name="mypy" time="0.000" /><testcase classname="src.deepview_tensorflow.deepview_tensorflow._custom_datasets.flake-8" name="FLAKE8" time="0.000"><skipped type="pytest.skip" message="file(s) previously passed FLAKE8 checks">/home/satish/miniforge3/envs/mistral/lib/python3.9/site-packages/pytest_flake8.py:135: file(s) previously passed FLAKE8 checks</skipped></testcase><testcase classname="src.deepview_tensorflow.deepview_tensorflow._sample_datasets" name="mypy" time="0.000" /><testcase classname="src.deepview_tensorflow.deepview_tensorflow._sample_datasets.flake-8" name="FLAKE8" time="0.000"><skipped type="pytest.skip" message="file(s) previously passed FLAKE8 checks">/home/satish/miniforge3/envs/mistral/lib/python3.9/site-packages/pytest_flake8.py:135: file(s) previously passed FLAKE8 checks</skipped></testcase><testcase classname="src.deepview_tensorflow.deepview_tensorflow._sample_models" name="mypy" time="0.000" /><testcase classname="src.deepview_tensorflow.deepview_tensorflow._sample_models.flake-8" name="FLAKE8" time="0.000"><skipped type="pytest.skip" message="file(s) previously passed FLAKE8 checks">/home/satish/miniforge3/envs/mistral/lib/python3.9/site-packages/pytest_flake8.py:135: file(s) previously passed FLAKE8 checks</skipped></testcase><testcase classname="src.deepview_tensorflow.deepview_tensorflow._tensorflow.__init__" name="mypy" time="0.000" /><testcase classname="src.deepview_tensorflow.deepview_tensorflow._tensorflow.__init__.flake-8" name="FLAKE8" time="0.000"><skipped type="pytest.skip" message="file(s) previously passed FLAKE8 checks">/home/satish/miniforge3/envs/mistral/lib/python3.9/site-packages/pytest_flake8.py:135: file(s) previously passed FLAKE8 checks</skipped></testcase><testcase classname="src.deepview_tensorflow.deepview_tensorflow._tensorflow._tensorflow_file_loaders" name="mypy" time="0.000" /><testcase classname="src.deepview_tensorflow.deepview_tensorflow._tensorflow._tensorflow_file_loaders.flake-8" name="FLAKE8" time="0.000"><skipped type="pytest.skip" message="file(s) previously passed FLAKE8 checks">/home/satish/miniforge3/envs/mistral/lib/python3.9/site-packages/pytest_flake8.py:135: file(s) previously passed FLAKE8 checks</skipped></testcase><testcase classname="src.deepview_tensorflow.deepview_tensorflow._tensorflow._tensorflow_loading" name="mypy" time="0.000" /><testcase classname="src.deepview_tensorflow.deepview_tensorflow._tensorflow._tensorflow_loading.flake-8" name="FLAKE8" time="0.000"><skipped type="pytest.skip" message="file(s) previously passed FLAKE8 checks">/home/satish/miniforge3/envs/mistral/lib/python3.9/site-packages/pytest_flake8.py:135: file(s) previously passed FLAKE8 checks</skipped></testcase><testcase classname="src.deepview_tensorflow.deepview_tensorflow._tensorflow._tensorflow_protocols" name="mypy" time="0.000" /><testcase classname="src.deepview_tensorflow.deepview_tensorflow._tensorflow._tensorflow_protocols.flake-8" name="FLAKE8" time="0.000"><skipped type="pytest.skip" message="file(s) previously passed FLAKE8 checks">/home/satish/miniforge3/envs/mistral/lib/python3.9/site-packages/pytest_flake8.py:135: file(s) previously passed FLAKE8 checks</skipped></testcase><testcase classname="src.deepview_tensorflow.deepview_tensorflow._tensorflow._tf1_file_loaders" name="mypy" time="0.000" /><testcase classname="src.deepview_tensorflow.deepview_tensorflow._tensorflow._tf1_file_loaders.flake-8" name="FLAKE8" time="0.000"><skipped type="pytest.skip" message="file(s) previously passed FLAKE8 checks">/home/satish/miniforge3/envs/mistral/lib/python3.9/site-packages/pytest_flake8.py:135: file(s) previously passed FLAKE8 checks</skipped></testcase><testcase classname="src.deepview_tensorflow.deepview_tensorflow._tensorflow._tf1_loading" name="mypy" time="0.000" /><testcase classname="src.deepview_tensorflow.deepview_tensorflow._tensorflow._tf1_loading.flake-8" name="FLAKE8" time="0.000"><skipped type="pytest.skip" message="file(s) previously passed FLAKE8 checks">/home/satish/miniforge3/envs/mistral/lib/python3.9/site-packages/pytest_flake8.py:135: file(s) previously passed FLAKE8 checks</skipped></testcase><testcase classname="src.deepview_tensorflow.deepview_tensorflow._tensorflow._tf1_model" name="mypy" time="0.000" /><testcase classname="src.deepview_tensorflow.deepview_tensorflow._tensorflow._tf1_model.flake-8" name="FLAKE8" time="0.000"><skipped type="pytest.skip" message="file(s) previously passed FLAKE8 checks">/home/satish/miniforge3/envs/mistral/lib/python3.9/site-packages/pytest_flake8.py:135: file(s) previously passed FLAKE8 checks</skipped></testcase><testcase classname="src.deepview_tensorflow.deepview_tensorflow._tensorflow._tf2_file_loaders" name="mypy" time="0.000" /><testcase classname="src.deepview_tensorflow.deepview_tensorflow._tensorflow._tf2_file_loaders.flake-8" name="FLAKE8" time="0.000"><skipped type="pytest.skip" message="file(s) previously passed FLAKE8 checks">/home/satish/miniforge3/envs/mistral/lib/python3.9/site-packages/pytest_flake8.py:135: file(s) previously passed FLAKE8 checks</skipped></testcase><testcase classname="src.deepview_tensorflow.deepview_tensorflow._tensorflow._tf2_loading" name="mypy" time="0.000" /><testcase classname="src.deepview_tensorflow.deepview_tensorflow._tensorflow._tf2_loading.flake-8" name="FLAKE8" time="0.000"><skipped type="pytest.skip" message="file(s) previously passed FLAKE8 checks">/home/satish/miniforge3/envs/mistral/lib/python3.9/site-packages/pytest_flake8.py:135: file(s) previously passed FLAKE8 checks</skipped></testcase><testcase classname="src.deepview_tensorflow.deepview_tensorflow._tensorflow._tf2_model" name="mypy" time="0.000" /><testcase classname="src.deepview_tensorflow.deepview_tensorflow._tensorflow._tf2_model.flake-8" name="FLAKE8" time="0.000"><skipped type="pytest.skip" message="file(s) previously passed FLAKE8 checks">/home/satish/miniforge3/envs/mistral/lib/python3.9/site-packages/pytest_flake8.py:135: file(s) previously passed FLAKE8 checks</skipped></testcase><testcase classname="src.deepview_tensorflow.deepview_tensorflow.samples.__init__" name="mypy" time="0.000" /><testcase classname="src.deepview_tensorflow.deepview_tensorflow.samples.__init__.flake-8" name="FLAKE8" time="0.000"><skipped type="pytest.skip" message="file(s) previously passed FLAKE8 checks">/home/satish/miniforge3/envs/mistral/lib/python3.9/site-packages/pytest_flake8.py:135: file(s) previously passed FLAKE8 checks</skipped></testcase><testcase classname="src.deepview_tensorflow.deepview_tensorflow.samples._simple_cnn_keras" name="mypy" time="0.000" /><testcase classname="src.deepview_tensorflow.deepview_tensorflow.samples._simple_cnn_keras.flake-8" name="FLAKE8" time="0.000"><skipped type="pytest.skip" message="file(s) previously passed FLAKE8 checks">/home/satish/miniforge3/envs/mistral/lib/python3.9/site-packages/pytest_flake8.py:135: file(s) previously passed FLAKE8 checks</skipped></testcase><testcase classname="src.deepview_tensorflow.deepview_tensorflow.samples._simple_lstm_tensorflow" name="mypy" time="0.000" /><testcase classname="src.deepview_tensorflow.deepview_tensorflow.samples._simple_lstm_tensorflow.flake-8" name="FLAKE8" time="0.000"><skipped type="pytest.skip" message="file(s) previously passed FLAKE8 checks">/home/satish/miniforge3/envs/mistral/lib/python3.9/site-packages/pytest_flake8.py:135: file(s) previously passed FLAKE8 checks</skipped></testcase><testcase classname="src.deepview_tensorflow.tests.__init__" name="mypy" time="0.000" /><testcase classname="src.deepview_tensorflow.tests.__init__.flake-8" name="FLAKE8" time="0.000"><skipped type="pytest.skip" message="file(s) previously passed FLAKE8 checks">/home/satish/miniforge3/envs/mistral/lib/python3.9/site-packages/pytest_flake8.py:135: file(s) previously passed FLAKE8 checks</skipped></testcase><testcase classname="src.deepview_tensorflow.tests.test_custom_datasets" name="mypy" time="0.000" /><testcase classname="src.deepview_tensorflow.tests.test_custom_datasets.flake-8" name="FLAKE8" time="0.000"><skipped type="pytest.skip" message="file(s) previously passed FLAKE8 checks">/home/satish/miniforge3/envs/mistral/lib/python3.9/site-packages/pytest_flake8.py:135: file(s) previously passed FLAKE8 checks</skipped></testcase><testcase classname="src.deepview_tensorflow.tests.test_custom_datasets.TestImageFolderDataset" name="test_array_writability" time="0.055" /><testcase classname="src.deepview_tensorflow.tests.test_custom_datasets.TestImageFolderDataset" name="test_custom_train_split" time="0.006" /><testcase classname="src.deepview_tensorflow.tests.test_custom_datasets.TestImageFolderDataset" name="test_empty_directory" time="0.002" /><testcase classname="src.deepview_tensorflow.tests.test_custom_datasets.TestImageFolderDataset" name="test_get_producer" time="0.015" /><testcase classname="src.deepview_tensorflow.tests.test_custom_datasets.TestImageFolderDataset" name="test_image_format" time="0.004" /><testcase classname="src.deepview_tensorflow.tests.test_custom_datasets.TestImageFolderDataset" name="test_initialization" time="0.003" /><testcase classname="src.deepview_tensorflow.tests.test_custom_datasets.TestImageFolderDataset" name="test_invalid_image" time="0.003" /><testcase classname="src.deepview_tensorflow.tests.test_custom_datasets.TestImageFolderDataset" name="test_load_data_with_corrupted_image" time="0.003" /><testcase classname="src.deepview_tensorflow.tests.test_custom_datasets.TestImageFolderDataset" name="test_load_data_with_empty_class" time="0.003" /><testcase classname="src.deepview_tensorflow.tests.test_custom_datasets.TestImageFolderDataset" name="test_load_data_with_invalid_extension" time="0.003" /><testcase classname="src.deepview_tensorflow.tests.test_custom_datasets.TestImageFolderDataset" name="test_load_from_folder" time="0.003" /><testcase classname="src.deepview_tensorflow.tests.test_custom_datasets.TestImageFolderDataset" name="test_logging_functionality" time="0.003" /><testcase classname="src.deepview_tensorflow.tests.test_custom_datasets.TestImageFolderDataset" name="test_max_samples" time="0.003" /><testcase classname="src.deepview_tensorflow.tests.test_custom_datasets.TestImageFolderDataset" name="test_max_samples_balanced" time="0.003" /><testcase classname="src.deepview_tensorflow.tests.test_custom_datasets.TestImageFolderDataset" name="test_max_samples_minimum_representation" time="0.003" /><testcase classname="src.deepview_tensorflow.tests.test_custom_datasets.TestImageFolderDataset" name="test_metadata" time="0.003" /><testcase classname="src.deepview_tensorflow.tests.test_custom_datasets.TestImageFolderDataset" name="test_no_valid_class_folders" time="0.002" /><testcase classname="src.deepview_tensorflow.tests.test_custom_datasets.TestImageFolderDataset" name="test_no_valid_images" time="0.002" /><testcase classname="src.deepview_tensorflow.tests.test_custom_datasets.TestImageFolderDataset" name="test_train_split_with_invalid_ratio" time="0.002" /><testcase classname="src.deepview_tensorflow.tests.test_custom_datasets.TestImageFolderDataset" name="test_valid_extensions" time="0.003" /><testcase classname="src.deepview_tensorflow.tests.test_tensorflow_model" name="mypy" time="0.000" /><testcase classname="src.deepview_tensorflow.tests.test_tensorflow_model.flake-8" name="FLAKE8" time="0.000"><skipped type="pytest.skip" message="file(s) previously passed FLAKE8 checks">/home/satish/miniforge3/envs/mistral/lib/python3.9/site-packages/pytest_flake8.py:135: file(s) previously passed FLAKE8 checks</skipped></testcase><testcase classname="src.deepview_tensorflow.tests.test_tensorflow_model" name="test_instantiation" time="1.788"><failure message="AttributeError: 'KerasTensor' object has no attribute 'type_spec'">model_path = PosixPath('/tmp/pytest-of-satish/pytest-70/model0/model.h5')

    def test_instantiation(model_path: pathlib.Path) -&gt; None:
&gt;       model = load_tf_model_from_path(model_path)

src/deepview_tensorflow/tests/test_tensorflow_model.py:79: 
_ _ _ _ _ _ _ _ _ _ _ _ _ _ _ _ _ _ _ _ _ _ _ _ _ _ _ _ _ _ _ _ _ _ _ _ _ _ _ _ _ _ _ _ _ _ _ 
/home/satish/miniforge3/envs/mistral/lib/python3.9/site-packages/deepview_tensorflow/_tensorflow/_tensorflow_loading.py:122: in load_tf_model_from_path
    return tf_path_load(path)
/home/satish/miniforge3/envs/mistral/lib/python3.9/site-packages/deepview_tensorflow/_tensorflow/_tf2_loading.py:92: in load_tf_2_model_from_path
    return Model(loader.load(pathname=path))
&lt;string&gt;:4: in __init__
    ???
/home/satish/miniforge3/envs/mistral/lib/python3.9/site-packages/deepview/base/_model.py:217: in __post_init__
    response_infos = {r.name: r for r in self._details.get_response_infos()}
/home/satish/miniforge3/envs/mistral/lib/python3.9/site-packages/deepview/base/_model.py:217: in &lt;dictcomp&gt;
    response_infos = {r.name: r for r in self._details.get_response_infos()}
_ _ _ _ _ _ _ _ _ _ _ _ _ _ _ _ _ _ _ _ _ _ _ _ _ _ _ _ _ _ _ _ _ _ _ _ _ _ _ _ _ _ _ _ _ _ _ 

self = _Tensorflow2ModelDetails(model=&lt;Functional name=sample_model, built=True&gt;)

    def get_response_infos(self) -&gt; t.Iterable[ResponseInfo]:
        # now go through all layers (including input) and return output
        for layer in self.model.layers:
            yield ResponseInfo(
                name=layer.name,
&gt;               dtype=_convert_tf_dtype(layer.output.type_spec.dtype),
                shape=_convert_tf_shape(layer.output.type_spec.shape),
                layer=ResponseInfo.Layer(
                    name=_remove_op_number(layer.output.name),
                    kind=_convert_tf_operation(layer.output.name),
                    typename=_extract_kind(layer.output.name)
                )
            )
E           AttributeError: 'KerasTensor' object has no attribute 'type_spec'

/home/satish/miniforge3/envs/mistral/lib/python3.9/site-packages/deepview_tensorflow/_tensorflow/_tf2_model.py:121: AttributeError</failure></testcase><testcase classname="src.deepview_tensorflow.tests.test_tensorflow_model" name="test_response_meta" time="0.868"><failure message="AttributeError: 'KerasTensor' object has no attribute 'type_spec'">model_path = PosixPath('/tmp/pytest-of-satish/pytest-70/model0/model.h5')

    def test_response_meta(model_path: pathlib.Path) -&gt; None:
&gt;       model = load_tf_model_from_path(model_path)

src/deepview_tensorflow/tests/test_tensorflow_model.py:99: 
_ _ _ _ _ _ _ _ _ _ _ _ _ _ _ _ _ _ _ _ _ _ _ _ _ _ _ _ _ _ _ _ _ _ _ _ _ _ _ _ _ _ _ _ _ _ _ 
/home/satish/miniforge3/envs/mistral/lib/python3.9/site-packages/deepview_tensorflow/_tensorflow/_tensorflow_loading.py:122: in load_tf_model_from_path
    return tf_path_load(path)
/home/satish/miniforge3/envs/mistral/lib/python3.9/site-packages/deepview_tensorflow/_tensorflow/_tf2_loading.py:92: in load_tf_2_model_from_path
    return Model(loader.load(pathname=path))
&lt;string&gt;:4: in __init__
    ???
/home/satish/miniforge3/envs/mistral/lib/python3.9/site-packages/deepview/base/_model.py:217: in __post_init__
    response_infos = {r.name: r for r in self._details.get_response_infos()}
/home/satish/miniforge3/envs/mistral/lib/python3.9/site-packages/deepview/base/_model.py:217: in &lt;dictcomp&gt;
    response_infos = {r.name: r for r in self._details.get_response_infos()}
_ _ _ _ _ _ _ _ _ _ _ _ _ _ _ _ _ _ _ _ _ _ _ _ _ _ _ _ _ _ _ _ _ _ _ _ _ _ _ _ _ _ _ _ _ _ _ 

self = _Tensorflow2ModelDetails(model=&lt;Functional name=sample_model, built=True&gt;)

    def get_response_infos(self) -&gt; t.Iterable[ResponseInfo]:
        # now go through all layers (including input) and return output
        for layer in self.model.layers:
            yield ResponseInfo(
                name=layer.name,
&gt;               dtype=_convert_tf_dtype(layer.output.type_spec.dtype),
                shape=_convert_tf_shape(layer.output.type_spec.shape),
                layer=ResponseInfo.Layer(
                    name=_remove_op_number(layer.output.name),
                    kind=_convert_tf_operation(layer.output.name),
                    typename=_extract_kind(layer.output.name)
                )
            )
E           AttributeError: 'KerasTensor' object has no attribute 'type_spec'

/home/satish/miniforge3/envs/mistral/lib/python3.9/site-packages/deepview_tensorflow/_tensorflow/_tf2_model.py:121: AttributeError</failure></testcase><testcase classname="src.deepview_tensorflow.tests.test_tensorflow_model" name="test_response_generation" time="0.844"><failure message="AttributeError: 'KerasTensor' object has no attribute 'type_spec'">model_path = PosixPath('/tmp/pytest-of-satish/pytest-70/model0/model.h5')

    def test_response_generation(model_path: pathlib.Path) -&gt; None:
&gt;       model = load_tf_model_from_path(model_path)

src/deepview_tensorflow/tests/test_tensorflow_model.py:117: 
_ _ _ _ _ _ _ _ _ _ _ _ _ _ _ _ _ _ _ _ _ _ _ _ _ _ _ _ _ _ _ _ _ _ _ _ _ _ _ _ _ _ _ _ _ _ _ 
/home/satish/miniforge3/envs/mistral/lib/python3.9/site-packages/deepview_tensorflow/_tensorflow/_tensorflow_loading.py:122: in load_tf_model_from_path
    return tf_path_load(path)
/home/satish/miniforge3/envs/mistral/lib/python3.9/site-packages/deepview_tensorflow/_tensorflow/_tf2_loading.py:92: in load_tf_2_model_from_path
    return Model(loader.load(pathname=path))
&lt;string&gt;:4: in __init__
    ???
/home/satish/miniforge3/envs/mistral/lib/python3.9/site-packages/deepview/base/_model.py:217: in __post_init__
    response_infos = {r.name: r for r in self._details.get_response_infos()}
/home/satish/miniforge3/envs/mistral/lib/python3.9/site-packages/deepview/base/_model.py:217: in &lt;dictcomp&gt;
    response_infos = {r.name: r for r in self._details.get_response_infos()}
_ _ _ _ _ _ _ _ _ _ _ _ _ _ _ _ _ _ _ _ _ _ _ _ _ _ _ _ _ _ _ _ _ _ _ _ _ _ _ _ _ _ _ _ _ _ _ 

self = _Tensorflow2ModelDetails(model=&lt;Functional name=sample_model, built=True&gt;)

    def get_response_infos(self) -&gt; t.Iterable[ResponseInfo]:
        # now go through all layers (including input) and return output
        for layer in self.model.layers:
            yield ResponseInfo(
                name=layer.name,
&gt;               dtype=_convert_tf_dtype(layer.output.type_spec.dtype),
                shape=_convert_tf_shape(layer.output.type_spec.shape),
                layer=ResponseInfo.Layer(
                    name=_remove_op_number(layer.output.name),
                    kind=_convert_tf_operation(layer.output.name),
                    typename=_extract_kind(layer.output.name)
                )
            )
E           AttributeError: 'KerasTensor' object has no attribute 'type_spec'

/home/satish/miniforge3/envs/mistral/lib/python3.9/site-packages/deepview_tensorflow/_tensorflow/_tf2_model.py:121: AttributeError</failure></testcase><testcase classname="src.deepview_tensorflow.tests.test_tensorflow_model" name="test_auto_field_renamer" time="0.854"><failure message="AttributeError: 'KerasTensor' object has no attribute 'type_spec'">model_path = PosixPath('/tmp/pytest-of-satish/pytest-70/model0/model.h5')

    def test_auto_field_renamer(model_path: pathlib.Path) -&gt; None:
    
        class StubFieldsInjector(PipelineStage):
            # Adds fields to a batch with stub data
    
            def __init__(self, *, fields: dt.OneOrMany[str]):
                super().__init__()
                self._fields = dt.resolve_one_or_many(fields, str)
    
            def _get_batch_processor(self) -&gt; t.Callable[[Batch], Batch]:
                def batch_processor(batch: Batch) -&gt; Batch:
                    builder = Batch.Builder(base=batch)
                    for field_name in self._fields:
                        builder.fields[field_name] = np.random.randint(0, 3, (batch.batch_size,))
                    return builder.make_batch()
    
                return batch_processor
    
&gt;       model = load_tf_model_from_path(model_path)

src/deepview_tensorflow/tests/test_tensorflow_model.py:164: 
_ _ _ _ _ _ _ _ _ _ _ _ _ _ _ _ _ _ _ _ _ _ _ _ _ _ _ _ _ _ _ _ _ _ _ _ _ _ _ _ _ _ _ _ _ _ _ 
/home/satish/miniforge3/envs/mistral/lib/python3.9/site-packages/deepview_tensorflow/_tensorflow/_tensorflow_loading.py:122: in load_tf_model_from_path
    return tf_path_load(path)
/home/satish/miniforge3/envs/mistral/lib/python3.9/site-packages/deepview_tensorflow/_tensorflow/_tf2_loading.py:92: in load_tf_2_model_from_path
    return Model(loader.load(pathname=path))
&lt;string&gt;:4: in __init__
    ???
/home/satish/miniforge3/envs/mistral/lib/python3.9/site-packages/deepview/base/_model.py:217: in __post_init__
    response_infos = {r.name: r for r in self._details.get_response_infos()}
/home/satish/miniforge3/envs/mistral/lib/python3.9/site-packages/deepview/base/_model.py:217: in &lt;dictcomp&gt;
    response_infos = {r.name: r for r in self._details.get_response_infos()}
_ _ _ _ _ _ _ _ _ _ _ _ _ _ _ _ _ _ _ _ _ _ _ _ _ _ _ _ _ _ _ _ _ _ _ _ _ _ _ _ _ _ _ _ _ _ _ 

self = _Tensorflow2ModelDetails(model=&lt;Functional name=sample_model, built=True&gt;)

    def get_response_infos(self) -&gt; t.Iterable[ResponseInfo]:
        # now go through all layers (including input) and return output
        for layer in self.model.layers:
            yield ResponseInfo(
                name=layer.name,
&gt;               dtype=_convert_tf_dtype(layer.output.type_spec.dtype),
                shape=_convert_tf_shape(layer.output.type_spec.shape),
                layer=ResponseInfo.Layer(
                    name=_remove_op_number(layer.output.name),
                    kind=_convert_tf_operation(layer.output.name),
                    typename=_extract_kind(layer.output.name)
                )
            )
E           AttributeError: 'KerasTensor' object has no attribute 'type_spec'

/home/satish/miniforge3/envs/mistral/lib/python3.9/site-packages/deepview_tensorflow/_tensorflow/_tf2_model.py:121: AttributeError</failure></testcase><testcase classname="src.deepview_tensorflow.tests.test_tf1_model_loaders" name="mypy" time="0.000" /><testcase classname="src.deepview_tensorflow.tests.test_tf1_model_loaders.flake-8" name="FLAKE8" time="0.000"><skipped type="pytest.skip" message="file(s) previously passed FLAKE8 checks">/home/satish/miniforge3/envs/mistral/lib/python3.9/site-packages/pytest_flake8.py:135: file(s) previously passed FLAKE8 checks</skipped></testcase><testcase classname="src.deepview_tensorflow.tests.test_tf1_model_loaders" name="test_load_tf_saved_model" time="0.000"><skipped type="pytest.skip" message="Skipping TF1 tests because TF2 is running.">/media/satish/Development/workspace/projects/deepview/src/deepview_tensorflow/tests/test_tf1_model_loaders.py:118: Skipping TF1 tests because TF2 is running.</skipped></testcase><testcase classname="src.deepview_tensorflow.tests.test_tf1_model_loaders" name="test_load_protobuf_model" time="0.000"><skipped type="pytest.skip" message="Skipping TF1 tests because TF2 is running.">/media/satish/Development/workspace/projects/deepview/src/deepview_tensorflow/tests/test_tf1_model_loaders.py:135: Skipping TF1 tests because TF2 is running.</skipped></testcase><testcase classname="src.deepview_tensorflow.tests.test_tf1_model_loaders" name="test_load_checkpoint_model" time="0.000"><skipped type="pytest.skip" message="Skipping TF1 tests because TF2 is running.">/media/satish/Development/workspace/projects/deepview/src/deepview_tensorflow/tests/test_tf1_model_loaders.py:156: Skipping TF1 tests because TF2 is running.</skipped></testcase><testcase classname="src.deepview_tensorflow.tests.test_tf1_model_loaders" name="test_load_keras_arch_and_weights" time="0.000"><skipped type="pytest.skip" message="Skipping TF1 tests because TF2 is running.">/media/satish/Development/workspace/projects/deepview/src/deepview_tensorflow/tests/test_tf1_model_loaders.py:167: Skipping TF1 tests because TF2 is running.</skipped></testcase><testcase classname="src.deepview_tensorflow.tests.test_tf1_model_loaders" name="test_tf_load_keras_whole_model" time="0.000"><skipped type="pytest.skip" message="Skipping TF1 tests because TF2 is running.">/media/satish/Development/workspace/projects/deepview/src/deepview_tensorflow/tests/test_tf1_model_loaders.py:178: Skipping TF1 tests because TF2 is running.</skipped></testcase><testcase classname="src.deepview_tensorflow.tests.test_tf1_model_loaders" name="test_tf_load_from_memory" time="0.000"><skipped type="pytest.skip" message="Skipping TF1 tests because TF2 is running.">/media/satish/Development/workspace/projects/deepview/src/deepview_tensorflow/tests/test_tf1_model_loaders.py:188: Skipping TF1 tests because TF2 is running.</skipped></testcase><testcase classname="src.deepview_tensorflow.tests.test_tf1_model_loaders" name="test_tf_keras_whole_model_layers" time="0.000"><skipped type="pytest.skip" message="Skipping TF1 tests because TF2 is running.">/media/satish/Development/workspace/projects/deepview/src/deepview_tensorflow/tests/test_tf1_model_loaders.py:197: Skipping TF1 tests because TF2 is running.</skipped></testcase><testcase classname="src.deepview_tensorflow.tests.test_tf1_model_loaders" name="test_tf_keras_whole_model_response_generation" time="0.000"><skipped type="pytest.skip" message="Skipping TF1 tests because TF2 is running.">/media/satish/Development/workspace/projects/deepview/src/deepview_tensorflow/tests/test_tf1_model_loaders.py:226: Skipping TF1 tests because TF2 is running.</skipped></testcase><testcase classname="src.deepview_tensorflow.tests.test_tf1_seq_model" name="mypy" time="0.000" /><testcase classname="src.deepview_tensorflow.tests.test_tf1_seq_model.flake-8" name="FLAKE8" time="0.000"><skipped type="pytest.skip" message="file(s) previously passed FLAKE8 checks">/home/satish/miniforge3/envs/mistral/lib/python3.9/site-packages/pytest_flake8.py:135: file(s) previously passed FLAKE8 checks</skipped></testcase><testcase classname="src.deepview_tensorflow.tests.test_tf1_seq_model" name="test_lstm_model_with_tf2" time="0.000" /><testcase classname="src.deepview_tensorflow.tests.test_tf1_seq_model" name="test_instantiation" time="0.000"><skipped type="pytest.skip" message="Skipping TF1 test.">/media/satish/Development/workspace/projects/deepview/src/deepview_tensorflow/tests/test_tf1_seq_model.py:94: Skipping TF1 test.</skipped></testcase><testcase classname="src.deepview_tensorflow.tests.test_tf1_seq_model" name="test_response_meta" time="0.000"><skipped type="pytest.skip" message="Skipping TF1 test.">/media/satish/Development/workspace/projects/deepview/src/deepview_tensorflow/tests/test_tf1_seq_model.py:100: Skipping TF1 test.</skipped></testcase><testcase classname="src.deepview_tensorflow.tests.test_tf1_seq_model" name="test_response_generation" time="0.000"><skipped type="pytest.skip" message="Skipping TF1 test.">/media/satish/Development/workspace/projects/deepview/src/deepview_tensorflow/tests/test_tf1_seq_model.py:253: Skipping TF1 test.</skipped></testcase><testcase classname="src.deepview_tensorflow.tests.test_tf2_model_loaders" name="mypy" time="0.000" /><testcase classname="src.deepview_tensorflow.tests.test_tf2_model_loaders.flake-8" name="FLAKE8" time="0.000"><skipped type="pytest.skip" message="file(s) previously passed FLAKE8 checks">/home/satish/miniforge3/envs/mistral/lib/python3.9/site-packages/pytest_flake8.py:135: file(s) previously passed FLAKE8 checks</skipped></testcase><testcase classname="src.deepview_tensorflow.tests.test_tf2_model_loaders" name="test_load_tf_keras_saved_model" time="0.835"><failure message="ValueError: Invalid filepath extension for saving. Please add either a `.keras` extension for the native Keras format (recommended) or a `.h5` extension. Use `model.export(filepath)` if you want to export a SavedModel for use with TFLite/TFServing/etc. Received: filepath=/tmp/pytest-of-satish/pytest-70/test_load_tf_keras_saved_model0/saved_model.">tmp_path = PosixPath('/tmp/pytest-of-satish/pytest-70/test_load_tf_keras_saved_model0')
keras_model = &lt;Functional name=sample_model, built=True&gt;

    @pytest.mark.skipif(running_tf_1(), reason="Skipping TF2 tests because TF1 is running.")
    def test_load_tf_keras_saved_model(tmp_path: pathlib.Path,
                                       keras_model: tf.keras.models.Model) -&gt; None:
        # Save model as "saved model" format
        model_path = tmp_path / 'saved_model'
&gt;       keras_model.save(str(model_path))

src/deepview_tensorflow/tests/test_tf2_model_loaders.py:111: 
_ _ _ _ _ _ _ _ _ _ _ _ _ _ _ _ _ _ _ _ _ _ _ _ _ _ _ _ _ _ _ _ _ _ _ _ _ _ _ _ _ _ _ _ _ _ _ 
/home/satish/miniforge3/envs/mistral/lib/python3.9/site-packages/keras/src/utils/traceback_utils.py:122: in error_handler
    raise e.with_traceback(filtered_tb) from None
_ _ _ _ _ _ _ _ _ _ _ _ _ _ _ _ _ _ _ _ _ _ _ _ _ _ _ _ _ _ _ _ _ _ _ _ _ _ _ _ _ _ _ _ _ _ _ 

model = &lt;Functional name=sample_model, built=True&gt;
filepath = '/tmp/pytest-of-satish/pytest-70/test_load_tf_keras_saved_model0/saved_model'
overwrite = True, zipped = True, kwargs = {}, include_optimizer = True, save_format = False
is_hf = False, exists = False

    @keras_export(["keras.saving.save_model", "keras.models.save_model"])
    def save_model(model, filepath, overwrite=True, zipped=None, **kwargs):
        """Saves a model as a `.keras` file.
    
        Args:
            model: Keras model instance to be saved.
            filepath: `str` or `pathlib.Path` object. Path where to save the model.
            overwrite: Whether we should overwrite any existing model at the target
                location, or instead ask the user via an interactive prompt.
            zipped: Whether to save the model as a zipped `.keras`
                archive (default when saving locally), or as an unzipped directory
                (default when saving on the Hugging Face Hub).
    
        Example:
    
        ```python
        model = keras.Sequential(
            [
                keras.layers.Dense(5, input_shape=(3,)),
                keras.layers.Softmax(),
            ],
        )
        model.save("model.keras")
        loaded_model = keras.saving.load_model("model.keras")
        x = keras.random.uniform((10, 3))
        assert np.allclose(model.predict(x), loaded_model.predict(x))
        ```
    
        Note that `model.save()` is an alias for `keras.saving.save_model()`.
    
        The saved `.keras` file is a `zip` archive that contains:
    
        - The model's configuration (architecture)
        - The model's weights
        - The model's optimizer's state (if any)
    
        Thus models can be reinstantiated in the exact same state.
        """
        include_optimizer = kwargs.pop("include_optimizer", True)
        save_format = kwargs.pop("save_format", False)
        if save_format:
            if str(filepath).endswith((".h5", ".hdf5")) or str(filepath).endswith(
                ".keras"
            ):
                logging.warning(
                    "The `save_format` argument is deprecated in Keras 3. "
                    "We recommend removing this argument as it can be inferred "
                    "from the file path. "
                    f"Received: save_format={save_format}"
                )
            else:
                raise ValueError(
                    "The `save_format` argument is deprecated in Keras 3. "
                    "Please remove this argument and pass a file path with "
                    "either `.keras` or `.h5` extension."
                    f"Received: save_format={save_format}"
                )
        if kwargs:
            raise ValueError(
                "The following argument(s) are not supported: "
                f"{list(kwargs.keys())}"
            )
    
        # Deprecation warnings
        if str(filepath).endswith((".h5", ".hdf5")):
            logging.warning(
                "You are saving your model as an HDF5 file via "
                "`model.save()` or `keras.saving.save_model(model)`. "
                "This file format is considered legacy. "
                "We recommend using instead the native Keras format, "
                "e.g. `model.save('my_model.keras')` or "
                "`keras.saving.save_model(model, 'my_model.keras')`. "
            )
    
        is_hf = str(filepath).startswith("hf://")
        if zipped is None:
            zipped = not is_hf  # default behavior depends on destination
    
        # If file exists and should not be overwritten.
        try:
            exists = (not is_hf) and os.path.exists(filepath)
        except TypeError:
            exists = False
        if exists and not overwrite:
            proceed = io_utils.ask_to_proceed_with_overwrite(filepath)
            if not proceed:
                return
    
        if zipped and str(filepath).endswith(".keras"):
            return saving_lib.save_model(model, filepath)
        if not zipped:
            return saving_lib.save_model(model, filepath, zipped=False)
        if str(filepath).endswith((".h5", ".hdf5")):
            return legacy_h5_format.save_model_to_hdf5(
                model, filepath, overwrite, include_optimizer
            )
&gt;       raise ValueError(
            "Invalid filepath extension for saving. "
            "Please add either a `.keras` extension for the native Keras "
            f"format (recommended) or a `.h5` extension. "
            "Use `model.export(filepath)` if you want to export a SavedModel "
            "for use with TFLite/TFServing/etc. "
            f"Received: filepath={filepath}."
        )
E       ValueError: Invalid filepath extension for saving. Please add either a `.keras` extension for the native Keras format (recommended) or a `.h5` extension. Use `model.export(filepath)` if you want to export a SavedModel for use with TFLite/TFServing/etc. Received: filepath=/tmp/pytest-of-satish/pytest-70/test_load_tf_keras_saved_model0/saved_model.

/home/satish/miniforge3/envs/mistral/lib/python3.9/site-packages/keras/src/saving/saving_api.py:114: ValueError</failure></testcase><testcase classname="src.deepview_tensorflow.tests.test_tf2_model_loaders" name="test_tf_load_keras_whole_model" time="1.737"><failure message="AttributeError: 'KerasTensor' object has no attribute 'type_spec'">tmp_path = PosixPath('/tmp/pytest-of-satish/pytest-70/test_tf_load_keras_whole_model0')
keras_model = &lt;Functional name=sample_model, built=True&gt;

    @pytest.mark.skipif(running_tf_1(), reason="Skipping TF2 tests because TF1 is running.")
    def test_tf_load_keras_whole_model(tmp_path: pathlib.Path,
                                       keras_model: tf.keras.models.Model) -&gt; None:
        model_path = tmp_path / 'saved_model.h5'
        keras_model.save(str(model_path))
    
&gt;       loader = _test_loading(model_path)

src/deepview_tensorflow/tests/test_tf2_model_loaders.py:123: 
_ _ _ _ _ _ _ _ _ _ _ _ _ _ _ _ _ _ _ _ _ _ _ _ _ _ _ _ _ _ _ _ _ _ _ _ _ _ _ _ _ _ _ _ _ _ _ 
src/deepview_tensorflow/tests/test_tf2_model_loaders.py:101: in _test_loading
    _test_model(Model(loaded_model))
&lt;string&gt;:4: in __init__
    ???
/home/satish/miniforge3/envs/mistral/lib/python3.9/site-packages/deepview/base/_model.py:217: in __post_init__
    response_infos = {r.name: r for r in self._details.get_response_infos()}
/home/satish/miniforge3/envs/mistral/lib/python3.9/site-packages/deepview/base/_model.py:217: in &lt;dictcomp&gt;
    response_infos = {r.name: r for r in self._details.get_response_infos()}
_ _ _ _ _ _ _ _ _ _ _ _ _ _ _ _ _ _ _ _ _ _ _ _ _ _ _ _ _ _ _ _ _ _ _ _ _ _ _ _ _ _ _ _ _ _ _ 

self = _Tensorflow2ModelDetails(model=&lt;Functional name=sample_model, built=True&gt;)

    def get_response_infos(self) -&gt; t.Iterable[ResponseInfo]:
        # now go through all layers (including input) and return output
        for layer in self.model.layers:
            yield ResponseInfo(
                name=layer.name,
&gt;               dtype=_convert_tf_dtype(layer.output.type_spec.dtype),
                shape=_convert_tf_shape(layer.output.type_spec.shape),
                layer=ResponseInfo.Layer(
                    name=_remove_op_number(layer.output.name),
                    kind=_convert_tf_operation(layer.output.name),
                    typename=_extract_kind(layer.output.name)
                )
            )
E           AttributeError: 'KerasTensor' object has no attribute 'type_spec'

/home/satish/miniforge3/envs/mistral/lib/python3.9/site-packages/deepview_tensorflow/_tensorflow/_tf2_model.py:121: AttributeError</failure></testcase><testcase classname="src.deepview_tensorflow.tests.test_tf2_model_loaders" name="test_load_keras_arch_and_weights" time="0.848"><failure message="ValueError: The filename must end in `.weights.h5`. Received: filepath=/tmp/pytest-of-satish/pytest-70/test_load_keras_arch_and_weigh0/model.h5">tmp_path = PosixPath('/tmp/pytest-of-satish/pytest-70/test_load_keras_arch_and_weigh0')
keras_model = &lt;Functional name=sample_model, built=True&gt;

    @pytest.mark.skipif(running_tf_1(), reason="Skipping TF2 tests because TF1 is running.")
    def test_load_keras_arch_and_weights(tmp_path: pathlib.Path,
                                         keras_model: tf.keras.models.Model) -&gt; None:
        # Save model in separate architecture and weights files
        tmp_path.joinpath('model.json').write_text(keras_model.to_json())
&gt;       keras_model.save_weights(str(tmp_path/'model.h5'))

src/deepview_tensorflow/tests/test_tf2_model_loaders.py:132: 
_ _ _ _ _ _ _ _ _ _ _ _ _ _ _ _ _ _ _ _ _ _ _ _ _ _ _ _ _ _ _ _ _ _ _ _ _ _ _ _ _ _ _ _ _ _ _ 
/home/satish/miniforge3/envs/mistral/lib/python3.9/site-packages/keras/src/utils/traceback_utils.py:122: in error_handler
    raise e.with_traceback(filtered_tb) from None
_ _ _ _ _ _ _ _ _ _ _ _ _ _ _ _ _ _ _ _ _ _ _ _ _ _ _ _ _ _ _ _ _ _ _ _ _ _ _ _ _ _ _ _ _ _ _ 

model = &lt;Functional name=sample_model, built=True&gt;
filepath = '/tmp/pytest-of-satish/pytest-70/test_load_keras_arch_and_weigh0/model.h5'
overwrite = True, kwargs = {}

    @keras_export("keras.saving.save_weights")
    def save_weights(model, filepath, overwrite=True, **kwargs):
        if not str(filepath).endswith(".weights.h5"):
&gt;           raise ValueError(
                "The filename must end in `.weights.h5`. "
                f"Received: filepath={filepath}"
            )
E           ValueError: The filename must end in `.weights.h5`. Received: filepath=/tmp/pytest-of-satish/pytest-70/test_load_keras_arch_and_weigh0/model.h5

/home/satish/miniforge3/envs/mistral/lib/python3.9/site-packages/keras/src/saving/saving_api.py:224: ValueError</failure></testcase><testcase classname="src.deepview_tensorflow.tests.test_tf2_model_loaders" name="test_tf_load_from_memory" time="0.853"><failure message="AttributeError: 'KerasTensor' object has no attribute 'type_spec'">keras_model = &lt;Functional name=sample_model, built=True&gt;

    @pytest.mark.skipif(running_tf_1(), reason="Skipping TF2 tests because TF1 is running.")
    def test_tf_load_from_memory(keras_model: tf.keras.models.Model) -&gt; None:
&gt;       loaded_model = load_tf_model_from_memory(model=keras_model)

src/deepview_tensorflow/tests/test_tf2_model_loaders.py:140: 
_ _ _ _ _ _ _ _ _ _ _ _ _ _ _ _ _ _ _ _ _ _ _ _ _ _ _ _ _ _ _ _ _ _ _ _ _ _ _ _ _ _ _ _ _ _ _ 
/home/satish/miniforge3/envs/mistral/lib/python3.9/site-packages/deepview_tensorflow/_tensorflow/_tensorflow_loading.py:89: in load_tf_model_from_memory
    return tf_memory_load(model)
/home/satish/miniforge3/envs/mistral/lib/python3.9/site-packages/deepview_tensorflow/_tensorflow/_tf2_loading.py:67: in load_tf_2_model_from_memory
    return Model(_Tensorflow2ModelDetails(model=model))
&lt;string&gt;:4: in __init__
    ???
/home/satish/miniforge3/envs/mistral/lib/python3.9/site-packages/deepview/base/_model.py:217: in __post_init__
    response_infos = {r.name: r for r in self._details.get_response_infos()}
/home/satish/miniforge3/envs/mistral/lib/python3.9/site-packages/deepview/base/_model.py:217: in &lt;dictcomp&gt;
    response_infos = {r.name: r for r in self._details.get_response_infos()}
_ _ _ _ _ _ _ _ _ _ _ _ _ _ _ _ _ _ _ _ _ _ _ _ _ _ _ _ _ _ _ _ _ _ _ _ _ _ _ _ _ _ _ _ _ _ _ 

self = _Tensorflow2ModelDetails(model=&lt;Functional name=sample_model, built=True&gt;)

    def get_response_infos(self) -&gt; t.Iterable[ResponseInfo]:
        # now go through all layers (including input) and return output
        for layer in self.model.layers:
            yield ResponseInfo(
                name=layer.name,
&gt;               dtype=_convert_tf_dtype(layer.output.type_spec.dtype),
                shape=_convert_tf_shape(layer.output.type_spec.shape),
                layer=ResponseInfo.Layer(
                    name=_remove_op_number(layer.output.name),
                    kind=_convert_tf_operation(layer.output.name),
                    typename=_extract_kind(layer.output.name)
                )
            )
E           AttributeError: 'KerasTensor' object has no attribute 'type_spec'

/home/satish/miniforge3/envs/mistral/lib/python3.9/site-packages/deepview_tensorflow/_tensorflow/_tf2_model.py:121: AttributeError</failure></testcase><testcase classname="src.deepview_tensorflow.tests.test_tf2_model_loaders" name="test_tf_keras_whole_model_responses" time="0.847"><failure message="AttributeError: 'KerasTensor' object has no attribute 'type_spec'">keras_model = &lt;Functional name=sample_model, built=True&gt;

    @pytest.mark.skipif(running_tf_1(), reason="Skipping TF2 tests because TF1 is running.")
    def test_tf_keras_whole_model_responses(keras_model: tf.keras.models.Model) -&gt; None:
        # Load sample model from memory
&gt;       model = load_tf_model_from_memory(model=keras_model)

src/deepview_tensorflow/tests/test_tf2_model_loaders.py:149: 
_ _ _ _ _ _ _ _ _ _ _ _ _ _ _ _ _ _ _ _ _ _ _ _ _ _ _ _ _ _ _ _ _ _ _ _ _ _ _ _ _ _ _ _ _ _ _ 
/home/satish/miniforge3/envs/mistral/lib/python3.9/site-packages/deepview_tensorflow/_tensorflow/_tensorflow_loading.py:89: in load_tf_model_from_memory
    return tf_memory_load(model)
/home/satish/miniforge3/envs/mistral/lib/python3.9/site-packages/deepview_tensorflow/_tensorflow/_tf2_loading.py:67: in load_tf_2_model_from_memory
    return Model(_Tensorflow2ModelDetails(model=model))
&lt;string&gt;:4: in __init__
    ???
/home/satish/miniforge3/envs/mistral/lib/python3.9/site-packages/deepview/base/_model.py:217: in __post_init__
    response_infos = {r.name: r for r in self._details.get_response_infos()}
/home/satish/miniforge3/envs/mistral/lib/python3.9/site-packages/deepview/base/_model.py:217: in &lt;dictcomp&gt;
    response_infos = {r.name: r for r in self._details.get_response_infos()}
_ _ _ _ _ _ _ _ _ _ _ _ _ _ _ _ _ _ _ _ _ _ _ _ _ _ _ _ _ _ _ _ _ _ _ _ _ _ _ _ _ _ _ _ _ _ _ 

self = _Tensorflow2ModelDetails(model=&lt;Functional name=sample_model, built=True&gt;)

    def get_response_infos(self) -&gt; t.Iterable[ResponseInfo]:
        # now go through all layers (including input) and return output
        for layer in self.model.layers:
            yield ResponseInfo(
                name=layer.name,
&gt;               dtype=_convert_tf_dtype(layer.output.type_spec.dtype),
                shape=_convert_tf_shape(layer.output.type_spec.shape),
                layer=ResponseInfo.Layer(
                    name=_remove_op_number(layer.output.name),
                    kind=_convert_tf_operation(layer.output.name),
                    typename=_extract_kind(layer.output.name)
                )
            )
E           AttributeError: 'KerasTensor' object has no attribute 'type_spec'

/home/satish/miniforge3/envs/mistral/lib/python3.9/site-packages/deepview_tensorflow/_tensorflow/_tf2_model.py:121: AttributeError</failure></testcase><testcase classname="src.deepview_tensorflow.tests.test_tf_examples" name="mypy" time="0.000" /><testcase classname="src.deepview_tensorflow.tests.test_tf_examples.flake-8" name="FLAKE8" time="0.000"><skipped type="pytest.skip" message="file(s) previously passed FLAKE8 checks">/home/satish/miniforge3/envs/mistral/lib/python3.9/site-packages/pytest_flake8.py:135: file(s) previously passed FLAKE8 checks</skipped></testcase><testcase classname="src.deepview_tensorflow.tests.test_tf_examples" name="test_load_example_model" time="2.855"><failure message="AttributeError: 'KerasTensor' object has no attribute 'type_spec'">def test_load_example_model() -&gt; None:
    
        if running_tf_1():
            layer_name = "conv_pw_13/Conv2D:0"
        else:
            layer_name = "conv_pw_13"
    
        _clear_keras_session()
&gt;       mobilenet = TFModelExamples.MobileNet()

src/deepview_tensorflow/tests/test_tf_examples.py:57: 
_ _ _ _ _ _ _ _ _ _ _ _ _ _ _ _ _ _ _ _ _ _ _ _ _ _ _ _ _ _ _ _ _ _ _ _ _ _ _ _ _ _ _ _ _ _ _ 
/home/satish/miniforge3/envs/mistral/lib/python3.9/site-packages/deepview_tensorflow/_sample_models.py:168: in &lt;lambda&gt;
    TFModelWrapper.from_keras(tf.keras.applications.mobilenet.MobileNet(),
/home/satish/miniforge3/envs/mistral/lib/python3.9/site-packages/deepview_tensorflow/_sample_models.py:98: in from_keras
    model=cls.load_keras_model(model),
/home/satish/miniforge3/envs/mistral/lib/python3.9/site-packages/deepview_tensorflow/_sample_models.py:113: in load_keras_model
    dni_model = load_tf_model_from_path(model_path)
/home/satish/miniforge3/envs/mistral/lib/python3.9/site-packages/deepview_tensorflow/_tensorflow/_tensorflow_loading.py:122: in load_tf_model_from_path
    return tf_path_load(path)
/home/satish/miniforge3/envs/mistral/lib/python3.9/site-packages/deepview_tensorflow/_tensorflow/_tf2_loading.py:92: in load_tf_2_model_from_path
    return Model(loader.load(pathname=path))
&lt;string&gt;:4: in __init__
    ???
/home/satish/miniforge3/envs/mistral/lib/python3.9/site-packages/deepview/base/_model.py:217: in __post_init__
    response_infos = {r.name: r for r in self._details.get_response_infos()}
/home/satish/miniforge3/envs/mistral/lib/python3.9/site-packages/deepview/base/_model.py:217: in &lt;dictcomp&gt;
    response_infos = {r.name: r for r in self._details.get_response_infos()}
_ _ _ _ _ _ _ _ _ _ _ _ _ _ _ _ _ _ _ _ _ _ _ _ _ _ _ _ _ _ _ _ _ _ _ _ _ _ _ _ _ _ _ _ _ _ _ 

self = _Tensorflow2ModelDetails(model=&lt;Functional name=mobilenet_1.00_224, built=True&gt;)

    def get_response_infos(self) -&gt; t.Iterable[ResponseInfo]:
        # now go through all layers (including input) and return output
        for layer in self.model.layers:
            yield ResponseInfo(
                name=layer.name,
&gt;               dtype=_convert_tf_dtype(layer.output.type_spec.dtype),
                shape=_convert_tf_shape(layer.output.type_spec.shape),
                layer=ResponseInfo.Layer(
                    name=_remove_op_number(layer.output.name),
                    kind=_convert_tf_operation(layer.output.name),
                    typename=_extract_kind(layer.output.name)
                )
            )
E           AttributeError: 'KerasTensor' object has no attribute 'type_spec'

/home/satish/miniforge3/envs/mistral/lib/python3.9/site-packages/deepview_tensorflow/_tensorflow/_tf2_model.py:121: AttributeError</failure></testcase><testcase classname="src.deepview_tensorflow.tests.test_tf_examples" name="test_load_example_dataset" time="1.318" /><testcase classname="src.deepview_tensorflow.tests.test_tf_examples" name="test_load_custom_traintest_dataset" time="0.001" /><testcase classname="src.deepview_torch.deepview_torch.__init__" name="mypy" time="0.001" /><testcase classname="src.deepview_torch.deepview_torch.__init__.flake-8" name="FLAKE8" time="0.000"><skipped type="pytest.skip" message="file(s) previously passed FLAKE8 checks">/home/satish/miniforge3/envs/mistral/lib/python3.9/site-packages/pytest_flake8.py:135: file(s) previously passed FLAKE8 checks</skipped></testcase><testcase classname="src.deepview_torch.deepview_torch._torch_producer" name="mypy" time="0.000" /><testcase classname="src.deepview_torch.deepview_torch._torch_producer.flake-8" name="FLAKE8" time="0.000"><skipped type="pytest.skip" message="file(s) previously passed FLAKE8 checks">/home/satish/miniforge3/envs/mistral/lib/python3.9/site-packages/pytest_flake8.py:135: file(s) previously passed FLAKE8 checks</skipped></testcase><testcase classname="src.deepview_torch.tests.test_torch_producer" name="mypy" time="0.000" /><testcase classname="src.deepview_torch.tests.test_torch_producer.flake-8" name="FLAKE8" time="0.000"><skipped type="pytest.skip" message="file(s) previously passed FLAKE8 checks">/home/satish/miniforge3/envs/mistral/lib/python3.9/site-packages/pytest_flake8.py:135: file(s) previously passed FLAKE8 checks</skipped></testcase><testcase classname="src.deepview_torch.tests.test_torch_producer" name="test_print" time="0.002" /><testcase classname="src.deepview_torch.tests.test_torch_producer" name="test_producer_field" time="0.000" /><testcase classname="src.deepview_torch.tests.test_torch_producer" name="test_producer_single" time="0.000" /><testcase classname="src.deepview_torch.tests.test_torch_producer" name="test_producer_two_metadata" time="0.000" /><testcase classname="src.deepview_torch.tests.test_torch_producer" name="test_producer_skip_metadata" time="0.000" /><testcase classname="src.deepview_torch.tests.test_torch_producer" name="test_producer_string" time="0.000" /><testcase classname="src.deepview_torch.tests.test_torch_producer" name="test_producer_array_int" time="0.000" /><testcase classname="src.deepview_torch.tests.test_torch_producer" name="test_producer_array_str" time="0.000" /><testcase classname="src.deepview_torch.tests.test_torch_producer" name="test_producer_dict" time="0.000" /><testcase classname="src.deepview_torch.tests.test_torch_producer" name="test_dataset_field" time="0.000" /><testcase classname="src.deepview_torch.tests.test_torch_producer" name="test_dataset_metadata_int" time="0.000" /><testcase classname="src.deepview_torch.tests.test_torch_producer" name="test_dataset_metadata_str" time="0.000" /><testcase classname="src.deepview_torch.tests.test_torch_producer" name="test_dataset_metadata_int_array" time="0.001" /><testcase classname="src.deepview_torch.tests.test_torch_producer" name="test_dataset_metadata_str_array" time="0.000" /><testcase classname="src.deepview_torch.tests.test_torch_producer" name="test_dataset_metadata_dict" time="0.000" /><testcase classname="src.deepview_torch.tests.test_torch_producer" name="test_instructions_list" time="0.000" /><testcase classname="src.deepview_torch.tests.test_torch_producer" name="test_transforms" time="0.002" /><testcase classname="src.deepview_torch.tests.test_torch_producer" name="test_producer_torch_callable" time="0.001" /><testcase classname="src.deepview_torch.tests.test_torch_producer" name="test_round_trip_deepview_pycharm_deepview" time="0.002" /><testcase classname="src.deepview_torch.tests.test_torch_producer" name="test_example" time="0.001" /></testsuite></testsuites>